################# LOG OPENED (15/11/2024 11:32:05.498) ###################### 

Init Device
---------------------------------------------------------------------------------------------------------------------
(15_11:32:06.038) [DBG]: RGIN  [PRF=01, ADR=02, DATA=00]  (TPX3|CHANS|0)
Clearing buffers
(15_11:32:06.140) [DBG]: No data received.

Firmware
---------------------------------------------------------------------------------------------------------------------
(15_11:32:06.146) [DBG]: RGOUT [PRF=00, ADR=01, DATA=1021]  (TOP|FW1|4129)
(15_11:32:06.148) [DBG]: RGOUT [PRF=00, ADR=02, DATA=1914]  (TOP|FW2|6420)
(15_11:32:06.149) [DBG]: FPGA Firmware: Firmware 1.9 (14.10.2021)

CPU Firmware
---------------------------------------------------------------------------------------------------------------------
(15_11:32:06.154) [DBG]: Sent data:
   2a 76                                              |*v                 
(15_11:32:06.155) [DBG]: Received data:
   4d 50 49 58 19 29 12 22                            |MPIX.)."           
(15_11:32:06.157) [DBG]: CPU Firmware: Firmware MPIX 1.9 (29.12.2022)

Start Main Firmware
---------------------------------------------------------------------------------------------------------------------
(15_11:32:06.161) [DBG]: Sent data:
   2a 73                                              |*s                 

CPU Firmware
---------------------------------------------------------------------------------------------------------------------
(15_11:32:06.696) [DBG]: Sent data:
   2a 76                                              |*v                 
(15_11:32:06.699) [DBG]: Received data:
   4d 50 49 58 19 29 12 22                            |MPIX.)."           
(15_11:32:06.722) [DBG]: CPU Firmware: Firmware MPIX 1.9 (29.12.2022)
(15_11:32:06.777) [DBG]: Sent data:
   2a 68 6c                                           |*hl                
(15_11:32:06.791) [DBG]: Received data:
   53 00 00 00                                        |S...               
(15_11:32:06.848) [DBG]: Sent data:
   2a 68 74                                           |*ht                
(15_11:32:06.863) [DBG]: Received data:
   68 6c 2c 68 74 2c 76 2c 56 69 2c 56 63 2c 56 43    |hl,ht,v,Vi,Vc,VC   
   2c 43 63 2c 61 2c 79 2c 64 2c 62 2c 72 2c 65 2c    |,Cc,a,y,d,b,r,e,   
   66 2c 75 2c 74 2c 6d 72 2c 6d 64 2c 6d 65 2c 54    |f,u,t,mr,md,me,T   
   69 2c 54 65 2c 54 74 2c 54 64 2c 54 6d 2c 78 73    |i,Te,Tt,Td,Tm,xs   
   2c 78 69 2c 78 75 2c 78 65 2c 78 66 2c 78 72 2c    |,xi,xu,xe,xf,xr,   
   69 2c 6b 00                                        |i,k.               
   Bytes: 84
(15_11:32:06.929) [DBG]: Sent data:
   2a 6b                                              |*k                 
(15_11:32:06.931) [DBG]: Received data:
   ef be ad de                                        |....               

Read CPU Temperature
---------------------------------------------------------------------------------------------------------------------
(15_11:32:06.957) [DBG]: Sent data:
   2a 74                                              |*t                 
(15_11:32:06.978) [DBG]: Received data:
   90 00 00 00                                        |....               
(15_11:32:06.980) [DBG]: Sent data:
   2a 6d 72                                           |*mr                
(15_11:32:06.981) [DBG]: Received data:
   06 01 00 00                                        |....               

Read Flash Parameters
---------------------------------------------------------------------------------------------------------------------
(15_11:32:06.987) [DBG]: Sent data:
   2a 72 00 00 00 00 00 00 00 7c                      |*r.......|         
(15_11:32:06.989) [DBG]: Received data:
   4d 46 44 20 31 2e 30 0a 42 69 61 73 43 75 72 72    |MFD.1.0.BiasCurr   
   41 3d 32 30 0a 42 69 61 73 43 75 72 72 42 3d 2d    |A=20.BiasCurrB=-   
   34 30 2e 32 36 0a 42 69 61 73 43 75 72 72 43 3d    |40.26.BiasCurrC=   
   31 0a 42 69 61 73 43 75 72 72 43 68 61 6e 6e 65    |1.BiasCurrChanne   
   6c 3d 32 0a 42 69 61 73 43 75 72 72 44 3d 30 2e    |l=2.BiasCurrD=0.   
   31 33 0a 42 69 61 73 4d 61 78 3d 30 0a 42 69 61    |13.BiasMax=0.Bia   
   73 4d 69 6e 3d 2d 35 30 30 0a 42 69 61 73 50 6f    |sMin=-500.BiasPo   
   73 69 74 69 76 65 3d 30 0a 42 69 61 73 53 65 74    |sitive=0.BiasSet   
          ----- SKIPPED DATA -----
   ff ff ff ff ff ff ff ff ff ff ff ff ff ff ff ff    |................   
   ff ff ff ff ff ff ff ff ff ff ff ff ff ff ff ff    |................   
   ff ff ff ff ff ff ff ff ff ff ff ff ff ff ff ff    |................   
   ff ff ff ff ff ff ff ff ff ff ff ff ff ff ff ff    |................   
   ff ff ff ff ff ff ff ff ff ff ff ff ff ff ff ff    |................   
   ff ff ff ff ff ff ff ff ff ff ff ff ff ff ff ff    |................   
   ff ff ff ff ff ff ff ff ff ff ff ff ff ff ff ff    |................   
   ff ff ff ff ff ff ff ff ff 00 00 cd ab             |.............      
   Bytes: 500
(15_11:32:06.992) [DBG]: RGOUT [PRF=01, ADR=0B, DATA=DEF1]  (TPX3||57073)
(15_11:32:06.993) [DBG]: Trigger info: DEF1


============================================================================================================================
(15_11:32:06.995) [DBG]: Lib Version     : Version 2.1 (Mar 19 2024)
(15_11:32:06.996) [DBG]: FPGA Firmware   : Firmware 1.9 (14.10.2021)
(15_11:32:06.997) [DBG]: CPU  Firmware   : Firmware MPIX 1.9 (29.12.2022)
(15_11:32:06.998) [DBG]: Device Name     : WidePIX MiniPIX T3WA sn: 2157 A
(15_11:32:06.999) [DBG]: Readout Freq    : 80 MHz
(15_11:32:07.000) [DBG]: CPU Temperature : 14.4
(15_11:32:07.000) [DBG]: ChanMask        : 07
(15_11:32:07.001) [DBG]: Motohours       : 524
(15_11:32:07.002) [DBG]: FirmwareVer     : 1.900000
(15_11:32:07.003) [DBG]: CpuFirmwareVer  : 1.900000
(15_11:32:07.004) [DBG]: Is Master       : 1

Flash Parameters:
(15_11:32:07.005) [MSG]: BiasCurrA = 20
(15_11:32:07.006) [MSG]: BiasCurrB = -40.26
(15_11:32:07.007) [MSG]: BiasCurrC = 1
(15_11:32:07.008) [MSG]: BiasCurrChannel = 2
(15_11:32:07.009) [MSG]: BiasCurrD = 0.13
(15_11:32:07.010) [MSG]: BiasMax = 0
(15_11:32:07.010) [MSG]: BiasMin = -500
(15_11:32:07.011) [MSG]: BiasPositive = 0
(15_11:32:07.012) [MSG]: BiasSetA = 3.8800000000000002E-3
(15_11:32:07.013) [MSG]: BiasSetB = -0.02
(15_11:32:07.014) [MSG]: BiasVoltA = 254
(15_11:32:07.015) [MSG]: BiasVoltB = -518
(15_11:32:07.015) [MSG]: BiasVoltChannel = 1
============================================================================================================================




CPU Get Values

Read CPU Temperature
---------------------------------------------------------------------------------------------------------------------
(15_11:32:07.021) [DBG]: Sent data:
   2a 74                                              |*t                 
(15_11:32:07.023) [DBG]: Received data:
   93 00 00 00                                        |....               

Bias Voltage Sense
---------------------------------------------------------------------------------------------------------------------
(15_11:32:07.040) [DBG]: ADC[1]: 4085
(15_11:32:07.054) [DBG]: ADC[2]: 4095

Bias Voltage Sense
---------------------------------------------------------------------------------------------------------------------
(15_11:32:07.068) [DBG]: ADC[1]: 4084
(15_11:32:07.080) [DBG]: ADC[2]: 4095

Read Power Supply Voltage from CPU
---------------------------------------------------------------------------------------------------------------------
(15_11:32:07.084) [DBG]: Sent data:
   2a 56 69                                           |*Vi                
(15_11:32:07.086) [DBG]: Received data:
   f0 01 00 00                                        |....               

Read Power Supply Voltage from CPU
---------------------------------------------------------------------------------------------------------------------
(15_11:32:07.091) [DBG]: Sent data:
   2a 56 43                                           |*VC                
(15_11:32:07.093) [DBG]: Received data:
   d9 09 00 00                                        |....               

Read Power Supply Voltage from CPU
---------------------------------------------------------------------------------------------------------------------
(15_11:32:07.099) [DBG]: Sent data:
   2a 56 63                                           |*Vc                
(15_11:32:07.128) [DBG]: Received data:
   0a 07 00 00                                        |....               
(15_11:32:07.130) [DBG]: Sent data:
   2a 6d 72                                           |*mr                
(15_11:32:07.131) [DBG]: Received data:
   06 01 00 00                                        |....               

Read Current from CPU
---------------------------------------------------------------------------------------------------------------------
(15_11:32:07.136) [DBG]: Sent data:
   2a 43 63                                           |*Cc                
(15_11:32:07.164) [DBG]: Received data:
   28 00 00 00                                        |(...               
(15_11:32:07.166) [DBG]: Sent data:
   2a 54 74                                           |*Tt                
(15_11:32:07.174) [DBG]: Received data:
   b4 ff ff ff                                        |....               
(15_11:32:07.176) [DBG]: TMP: 4020


TemperatureCpu = 14.700000
BiasSenseVoltage = 0.795000
BiasSenseCurrent = 0.754754
PowerSupplyVoltage = 4.960000
CPUSupplyVoltage = 2.521000
ChipLDOVoltage = 1.802000
Motohours = 524
ChipCurrent = 0.040000
TemperatureChipCpu = 4020




Read device status
(15_11:32:07.180) [DBG]: RGOUT [PRF=01, ADR=0A, DATA=ABC0]  (TPX3||43968)
(15_11:32:07.181) [DBG]: Device status: ABC0
(15_11:32:07.182) [DBG]: PINS  [RAW=000E, PWR=0, RST=1, ENIN=1, PWRPULS=0]
(15_11:32:07.183) [DBG]: RGIN  [PRF=00, ADR=00, DATA=00]  (TOP|MUX|0)
(15_11:32:07.184) [DBG]: RGIN  [PRF=01, ADR=02, DATA=00]  (TPX3|CHANS|0)
(15_11:32:07.185) [DBG]: RGIN  [PRF=01, ADR=03, DATA=00]  (TPX3|ENOUT|0)

Reset TPX3 Power
---------------------------------------------------------------------------------------------------------------------
(15_11:32:07.189) [DBG]: PINS  [RAW=000C, PWR=0, RST=0, ENIN=1, PWRPULS=0]
(15_11:32:07.396) [DBG]: PINS  [RAW=000D, PWR=1, RST=0, ENIN=1, PWRPULS=0]
(15_11:32:07.603) [DBG]: PINS  [RAW=000D, PWR=1, RST=0, ENIN=1, PWRPULS=0]

Reset TPX3
---------------------------------------------------------------------------------------------------------------------
(15_11:32:07.611) [DBG]: PINS  [RAW=000F, PWR=1, RST=1, ENIN=1, PWRPULS=0]
(15_11:32:07.613) [DBG]: PINS  [RAW=000D, PWR=1, RST=0, ENIN=1, PWRPULS=0]
(15_11:32:07.635) [DBG]: PINS  [RAW=0005, PWR=1, RST=0, ENIN=1, PWRPULS=1]

Setup PLL and Output Config
---------------------------------------------------------------------------------------------------------------------
(15_11:32:07.666) [DBG]: RGIN  [PRF=01, ADR=02, DATA=00]  (TPX3|CHANS|0)
(15_11:32:07.673) [DBG]: RGIN  [PRF=01, ADR=03, DATA=00]  (TPX3|ENOUT|0)
(15_11:32:07.679) [DBG]: RGOUT [PRF=01, ADR=04, DATA=A0B7]  (TPX3|SYNC|41143)
(15_11:32:07.682) [DBG]: Synchronized channels: 0=No, 1=No, 2=No

Set PLL Cfg
---------------------------------------------------------------------------------------------------------------------
(15_11:32:07.692) [DBG]: TPX3  [AA|00_00_00_00|20|01_1E] (PLL SET_CFG | 1_30)
(15_11:32:07.694) [DBG]: PINS  [RAW=0001, PWR=1, RST=0, ENIN=0, PWRPULS=1]
(15_11:32:07.699) [DBG]: Sent data:
   00 aa 00 00 00 00 20 01 1e 00                      |..........         
(15_11:32:07.704) [DBG]: PINS  [RAW=0005, PWR=1, RST=0, ENIN=1, PWRPULS=1]

Set Output Cfg
---------------------------------------------------------------------------------------------------------------------
(15_11:32:07.742) [DBG]: TPX3  [AA|00_00_00_00|10|7C_07] (OUTPUT SET_CFG | 124_7)
(15_11:32:07.745) [DBG]: PINS  [RAW=0001, PWR=1, RST=0, ENIN=0, PWRPULS=1]
(15_11:32:07.748) [DBG]: Sent data:
   00 aa 00 00 00 00 10 7c 07 00                      |.......|..         
(15_11:32:07.755) [DBG]: PINS  [RAW=0005, PWR=1, RST=0, ENIN=1, PWRPULS=1]
(15_11:32:07.776) [DBG]: RGIN  [PRF=01, ADR=02, DATA=07]  (TPX3|CHANS|7)
(15_11:32:07.781) [DBG]: RGOUT [PRF=01, ADR=04, DATA=A0B0]  (TPX3|SYNC|41136)
(15_11:32:07.784) [DBG]: Synchronized channels: 0=Yes, 1=Yes, 2=Yes
(15_11:32:07.898) [DBG]: RGIN  [PRF=01, ADR=03, DATA=01]  (TPX3|ENOUT|1)

Synchronization to stream
---------------------------------------------------------------------------------------------------------------------
(15_11:32:08.136) [MSG]: Received: 0, 240
(15_11:32:08.138) [MSG]: Buffer:
   44 00 13 c6 88 cc 71 44 00 00 00 00 44 00 13 c6     
   88 cc 71 44 00 00 00 00 44 00 13 c6 88 cc 71 44     
   00 00 00 00 44 00 13 c6 88 cc 71 44 00 00 00 00     
   44 00 13 c6 88 cc 71 44 00 00 00 00 44 00 13 c6     
   88 cc 71 44 00 00 00 00 44 00 13 c6 88 cc 71 44     
   00 00 00 00 44 00 13 c6 88 cc 71 44 00 00 00 00     
   44 00 13 c6 88 cc 71 44 00 00 00 00 44 00 13 c6     
   88 cc 71 44 00 00 00 00 44 00 13 c6 88 cc 71 44     
   00 00 00 00 44 00 13 c6 88 cc 71 44 00 00 00 00     
   44 00 13 c6 88 cc 71 44 00 00 00 00 44 00 13 c6     
   88 cc 71 44 00 00 00 00 44 00 13 c6 88 cc 71 44     
   00 00 00 00 44 00 13 c6 88 cc 71 44 00 00 00 00     
   44 00 13 c6 88 cc 71 44 00 00 00 00 44 00 13 c6     
   88 cc 71 44 00 00 00 00 44 00 13 c6 88 cc 71 44     
   00 00 00 00 44 00 13 c6 88 cc 71 44 00 00 00 00     
   Bytes: 240
(15_11:32:08.143) [DBG]: RGOUT [PRF=01, ADR=04, DATA=A0B0]  (TPX3|SYNC|41136)
(15_11:32:08.144) [DBG]: Synchronized channels: 0=Yes, 1=Yes, 2=Yes
(15_11:32:08.146) [DBG]: RGOUT [PRF=01, ADR=04, DATA=A0B0]  (TPX3|SYNC|41136)
(15_11:32:08.148) [DBG]: Synchronized channels: 0=Yes, 1=Yes, 2=Yes

Reset Timer
---------------------------------------------------------------------------------------------------------------------
(15_11:32:08.155) [DBG]: TPX3  [AA|00_00_00_00|40|00_00] (TIMER RESET | 0_0)
(15_11:32:08.157) [DBG]: PINS  [RAW=0001, PWR=1, RST=0, ENIN=0, PWRPULS=1]
(15_11:32:08.159) [DBG]: Sent data:
   00 aa 00 00 00 00 40 00 00 00                      |......@...         
(15_11:32:08.162) [DBG]: Received data:
   71 40 00 00 00 00                                  |q@....             
(15_11:32:08.165) [DBG]: PINS  [RAW=0005, PWR=1, RST=0, ENIN=1, PWRPULS=1]

Set Timer T0Sync
---------------------------------------------------------------------------------------------------------------------
(15_11:32:08.173) [DBG]: TPX3  [AA|00_00_00_00|4A|00_00] (TIMER T0SYNC | 0_0)
(15_11:32:08.174) [DBG]: PINS  [RAW=0001, PWR=1, RST=0, ENIN=0, PWRPULS=1]
(15_11:32:08.177) [DBG]: Sent data:
   00 aa 00 00 00 00 4a 00 00 00                      |......J...         
(15_11:32:08.180) [DBG]: Received data:
   71 4a 00 00 00 00                                  |qJ....             
(15_11:32:08.182) [DBG]: PINS  [RAW=0005, PWR=1, RST=0, ENIN=1, PWRPULS=1]

Reset Matrix
---------------------------------------------------------------------------------------------------------------------
(15_11:32:08.189) [DBG]: TPX3  [AA|00_00_00_00|E0|00_00] (??? ??? | 0_0)
(15_11:32:08.190) [DBG]: PINS  [RAW=0001, PWR=1, RST=0, ENIN=0, PWRPULS=1]
(15_11:32:08.192) [DBG]: Sent data:
   00 aa 00 00 00 00 e0 00 00 00                      |..........         
(15_11:32:08.194) [DBG]: Received data:
   71 ef 00 00 00 00                                  |q.....             
(15_11:32:08.196) [DBG]: PINS  [RAW=0005, PWR=1, RST=0, ENIN=1, PWRPULS=1]
(15_11:32:08.208) [DBG]: No data received.
(15_11:32:08.210) [DBG]: RGOUT [PRF=01, ADR=04, DATA=A0B0]  (TPX3|SYNC|41136)
(15_11:32:08.211) [DBG]: Synchronized channels: 0=Yes, 1=Yes, 2=Yes

Read Chip ID
---------------------------------------------------------------------------------------------------------------------
(15_11:32:08.215) [DBG]: TPX3  [AA|00_00_00_00|09|00_00] (ANALOG EF_READ | 0_0)
(15_11:32:08.217) [DBG]: PINS  [RAW=0001, PWR=1, RST=0, ENIN=0, PWRPULS=1]
(15_11:32:08.219) [DBG]: Sent data:
   00 aa 00 00 00 00 09 00 00 00                      |..........         
(15_11:32:08.221) [DBG]: Received data:
   09 00 00 00 82 5a 71 09 00 00 82 5a                |.....Zq....Z       
(15_11:32:08.222) [DBG]: PINS  [RAW=0005, PWR=1, RST=0, ENIN=1, PWRPULS=1]
(15_11:32:08.224) [DBG]: RGOUT [PRF=01, ADR=04, DATA=A0B0]  (TPX3|SYNC|41136)
(15_11:32:08.225) [DBG]: Synchronized channels: 0=Yes, 1=Yes, 2=Yes



============================================================================================================================
(15_11:32:08.227) [MSG]: ChipID : J05-W0130
============================================================================================================================

Set Dac 0=16
---------------------------------------------------------------------------------------------------------------------
(15_11:32:08.230) [DBG]: TPX3  [AA|00_00_00_00|02|02_01] (ANALOG SET_DAC | 2_1)
(15_11:32:08.231) [DBG]: PINS  [RAW=0001, PWR=1, RST=0, ENIN=0, PWRPULS=1]
(15_11:32:08.232) [DBG]: Sent data:
   00 aa 00 00 00 00 02 02 01 00                      |..........         
(15_11:32:08.233) [DBG]: Received data:
   71 02 00 00 82 5a                                  |q....Z             
(15_11:32:08.235) [DBG]: PINS  [RAW=0005, PWR=1, RST=0, ENIN=1, PWRPULS=1]

Read Dac
---------------------------------------------------------------------------------------------------------------------
(15_11:32:08.273) [DBG]: TPX3  [AA|00_00_00_00|03|00_01] (ANALOG RD_DAC | 0_1)
(15_11:32:08.277) [DBG]: PINS  [RAW=0001, PWR=1, RST=0, ENIN=0, PWRPULS=1]
(15_11:32:08.281) [DBG]: Sent data:
   00 aa 00 00 00 00 03 00 01 00                      |..........         
(15_11:32:08.287) [DBG]: Received data:
   03 00 00 00 02 01 71 03 00 00 82 5a                |......q....Z       
(15_11:32:08.292) [DBG]: PINS  [RAW=0005, PWR=1, RST=0, ENIN=1, PWRPULS=1]

Read Dac
---------------------------------------------------------------------------------------------------------------------
(15_11:32:08.300) [DBG]: TPX3  [AA|00_00_00_00|03|00_01] (ANALOG RD_DAC | 0_1)
(15_11:32:08.303) [DBG]: PINS  [RAW=0001, PWR=1, RST=0, ENIN=0, PWRPULS=1]
(15_11:32:08.308) [DBG]: Sent data:
   00 aa 00 00 00 00 03 00 01 00                      |..........         
(15_11:32:08.312) [DBG]: Received data:
   03 00 00 00 02 01 71 03 00 00 82 5a                |......q....Z       
(15_11:32:08.315) [DBG]: PINS  [RAW=0005, PWR=1, RST=0, ENIN=1, PWRPULS=1]

Read Dac
---------------------------------------------------------------------------------------------------------------------
(15_11:32:08.327) [DBG]: TPX3  [AA|00_00_00_00|03|00_01] (ANALOG RD_DAC | 0_1)
(15_11:32:08.329) [DBG]: PINS  [RAW=0001, PWR=1, RST=0, ENIN=0, PWRPULS=1]
(15_11:32:08.331) [DBG]: Sent data:
   00 aa 00 00 00 00 03 00 01 00                      |..........         
(15_11:32:08.337) [DBG]: Received data:
   03 00 00 00 02 01 71 03 00 00 82 5a                |......q....Z       
(15_11:32:08.341) [DBG]: PINS  [RAW=0005, PWR=1, RST=0, ENIN=1, PWRPULS=1]

Read Dac
---------------------------------------------------------------------------------------------------------------------
(15_11:32:08.350) [DBG]: TPX3  [AA|00_00_00_00|03|00_01] (ANALOG RD_DAC | 0_1)
(15_11:32:08.353) [DBG]: PINS  [RAW=0001, PWR=1, RST=0, ENIN=0, PWRPULS=1]
(15_11:32:08.356) [DBG]: Sent data:
   00 aa 00 00 00 00 03 00 01 00                      |..........         
(15_11:32:08.359) [DBG]: Received data:
   03 00 00 00 02 01 71 03 00 00 82 5a                |......q....Z       
(15_11:32:08.363) [DBG]: PINS  [RAW=0005, PWR=1, RST=0, ENIN=1, PWRPULS=1]

Set Dac 7=16
---------------------------------------------------------------------------------------------------------------------
(15_11:32:08.374) [DBG]: TPX3  [AA|00_00_00_00|02|02_08] (ANALOG SET_DAC | 2_8)
(15_11:32:08.376) [DBG]: PINS  [RAW=0001, PWR=1, RST=0, ENIN=0, PWRPULS=1]
(15_11:32:08.379) [DBG]: Sent data:
   00 aa 00 00 00 00 02 02 08 00                      |..........         
(15_11:32:08.383) [DBG]: Received data:
   71 02 00 00 82 5a                                  |q....Z             
(15_11:32:08.395) [DBG]: PINS  [RAW=0005, PWR=1, RST=0, ENIN=1, PWRPULS=1]

Read Dac
---------------------------------------------------------------------------------------------------------------------
(15_11:32:08.435) [DBG]: TPX3  [AA|00_00_00_00|03|00_08] (ANALOG RD_DAC | 0_8)
(15_11:32:08.438) [DBG]: PINS  [RAW=0001, PWR=1, RST=0, ENIN=0, PWRPULS=1]
(15_11:32:08.441) [DBG]: Sent data:
   00 aa 00 00 00 00 03 00 08 00                      |..........         
(15_11:32:08.446) [DBG]: Received data:
   03 00 00 00 02 08 71 03 00 00 82 5a                |......q....Z       
(15_11:32:08.449) [DBG]: PINS  [RAW=0005, PWR=1, RST=0, ENIN=1, PWRPULS=1]

Read Dac
---------------------------------------------------------------------------------------------------------------------
(15_11:32:08.460) [DBG]: TPX3  [AA|00_00_00_00|03|00_08] (ANALOG RD_DAC | 0_8)
(15_11:32:08.462) [DBG]: PINS  [RAW=0001, PWR=1, RST=0, ENIN=0, PWRPULS=1]
(15_11:32:08.464) [DBG]: Sent data:
   00 aa 00 00 00 00 03 00 08 00                      |..........         
(15_11:32:08.467) [DBG]: Received data:
   03 00 00 00 02 08 71 03 00 00 82 5a                |......q....Z       
(15_11:32:08.470) [DBG]: PINS  [RAW=0005, PWR=1, RST=0, ENIN=1, PWRPULS=1]

Read Dac
---------------------------------------------------------------------------------------------------------------------
(15_11:32:08.477) [DBG]: TPX3  [AA|00_00_00_00|03|00_08] (ANALOG RD_DAC | 0_8)
(15_11:32:08.478) [DBG]: PINS  [RAW=0001, PWR=1, RST=0, ENIN=0, PWRPULS=1]
(15_11:32:08.479) [DBG]: Sent data:
   00 aa 00 00 00 00 03 00 08 00                      |..........         
(15_11:32:08.482) [DBG]: Received data:
   03 00 00 00 02 08 71 03 00 00 82 5a                |......q....Z       
(15_11:32:08.486) [DBG]: PINS  [RAW=0005, PWR=1, RST=0, ENIN=1, PWRPULS=1]

Read Dac
---------------------------------------------------------------------------------------------------------------------
(15_11:32:08.490) [DBG]: TPX3  [AA|00_00_00_00|03|00_08] (ANALOG RD_DAC | 0_8)
(15_11:32:08.491) [DBG]: PINS  [RAW=0001, PWR=1, RST=0, ENIN=0, PWRPULS=1]
(15_11:32:08.493) [DBG]: Sent data:
   00 aa 00 00 00 00 03 00 08 00                      |..........         
(15_11:32:08.495) [DBG]: Received data:
   03 00 00 00 02 08 71 03 00 00 82 5a                |......q....Z       
(15_11:32:08.497) [DBG]: PINS  [RAW=0005, PWR=1, RST=0, ENIN=1, PWRPULS=1]

Set Dac 9=16
---------------------------------------------------------------------------------------------------------------------
(15_11:32:08.500) [DBG]: TPX3  [AA|00_00_00_00|02|02_0A] (ANALOG SET_DAC | 2_10)
(15_11:32:08.504) [DBG]: PINS  [RAW=0001, PWR=1, RST=0, ENIN=0, PWRPULS=1]
(15_11:32:08.505) [DBG]: Sent data:
   00 aa 00 00 00 00 02 02 0a 00                      |..........         
(15_11:32:08.506) [DBG]: Received data:
   71 02 00 00 82 5a                                  |q....Z             
(15_11:32:08.508) [DBG]: PINS  [RAW=0005, PWR=1, RST=0, ENIN=1, PWRPULS=1]

Read Dac
---------------------------------------------------------------------------------------------------------------------
(15_11:32:08.540) [DBG]: TPX3  [AA|00_00_00_00|03|00_0A] (ANALOG RD_DAC | 0_10)
(15_11:32:08.541) [DBG]: PINS  [RAW=0001, PWR=1, RST=0, ENIN=0, PWRPULS=1]
(15_11:32:08.542) [DBG]: Sent data:
   00 aa 00 00 00 00 03 00 0a 00                      |..........         
(15_11:32:08.544) [DBG]: Received data:
   03 00 00 00 02 0a 71 03 00 00 82 5a                |......q....Z       
(15_11:32:08.547) [DBG]: PINS  [RAW=0005, PWR=1, RST=0, ENIN=1, PWRPULS=1]

Read Dac
---------------------------------------------------------------------------------------------------------------------
(15_11:32:08.553) [DBG]: TPX3  [AA|00_00_00_00|03|00_0A] (ANALOG RD_DAC | 0_10)
(15_11:32:08.554) [DBG]: PINS  [RAW=0001, PWR=1, RST=0, ENIN=0, PWRPULS=1]
(15_11:32:08.555) [DBG]: Sent data:
   00 aa 00 00 00 00 03 00 0a 00                      |..........         
(15_11:32:08.557) [DBG]: Received data:
   03 00 00 00 02 0a 71 03 00 00 82 5a                |......q....Z       
(15_11:32:08.559) [DBG]: PINS  [RAW=0005, PWR=1, RST=0, ENIN=1, PWRPULS=1]

Read Dac
---------------------------------------------------------------------------------------------------------------------
(15_11:32:08.563) [DBG]: TPX3  [AA|00_00_00_00|03|00_0A] (ANALOG RD_DAC | 0_10)
(15_11:32:08.563) [DBG]: PINS  [RAW=0001, PWR=1, RST=0, ENIN=0, PWRPULS=1]
(15_11:32:08.564) [DBG]: Sent data:
   00 aa 00 00 00 00 03 00 0a 00                      |..........         
(15_11:32:08.566) [DBG]: Received data:
   03 00 00 00 02 0a 71 03 00 00 82 5a                |......q....Z       
(15_11:32:08.594) [DBG]: PINS  [RAW=0005, PWR=1, RST=0, ENIN=1, PWRPULS=1]

Read Dac
---------------------------------------------------------------------------------------------------------------------
(15_11:32:08.623) [DBG]: TPX3  [AA|00_00_00_00|03|00_0A] (ANALOG RD_DAC | 0_10)
(15_11:32:08.624) [DBG]: PINS  [RAW=0001, PWR=1, RST=0, ENIN=0, PWRPULS=1]
(15_11:32:08.625) [DBG]: Sent data:
   00 aa 00 00 00 00 03 00 0a 00                      |..........         
(15_11:32:08.628) [DBG]: Received data:
   03 00 00 00 02 0a 71 03 00 00 82 5a                |......q....Z       
(15_11:32:08.630) [DBG]: PINS  [RAW=0005, PWR=1, RST=0, ENIN=1, PWRPULS=1]

Set Dac 11=40
---------------------------------------------------------------------------------------------------------------------
(15_11:32:08.696) [DBG]: TPX3  [AA|00_00_00_00|02|05_0C] (ANALOG SET_DAC | 5_12)
(15_11:32:08.697) [DBG]: PINS  [RAW=0001, PWR=1, RST=0, ENIN=0, PWRPULS=1]
(15_11:32:08.698) [DBG]: Sent data:
   00 aa 00 00 00 00 02 05 0c 00                      |..........         
(15_11:32:08.773) [DBG]: Received data:
   71 02 00 00 82 5a                                  |q....Z             
(15_11:32:08.820) [DBG]: PINS  [RAW=0005, PWR=1, RST=0, ENIN=1, PWRPULS=1]

Read Dac
---------------------------------------------------------------------------------------------------------------------
(15_11:32:08.891) [DBG]: TPX3  [AA|00_00_00_00|03|00_0C] (ANALOG RD_DAC | 0_12)
(15_11:32:08.916) [DBG]: PINS  [RAW=0001, PWR=1, RST=0, ENIN=0, PWRPULS=1]
(15_11:32:08.948) [DBG]: Sent data:
   00 aa 00 00 00 00 03 00 0c 00                      |..........         
(15_11:32:08.949) [DBG]: Received data:
   03 00 00 00 05 0c 71 03 00 00 82 5a                |......q....Z       
(15_11:32:08.951) [DBG]: PINS  [RAW=0005, PWR=1, RST=0, ENIN=1, PWRPULS=1]

Read Dac
---------------------------------------------------------------------------------------------------------------------
(15_11:32:08.965) [DBG]: TPX3  [AA|00_00_00_00|03|00_0C] (ANALOG RD_DAC | 0_12)
(15_11:32:08.966) [DBG]: PINS  [RAW=0001, PWR=1, RST=0, ENIN=0, PWRPULS=1]
(15_11:32:08.983) [DBG]: Sent data:
   00 aa 00 00 00 00 03 00 0c 00                      |..........         
(15_11:32:08.988) [DBG]: Received data:
   03 00 00 00 05 0c 71 03 00 00 82 5a                |......q....Z       
(15_11:32:08.990) [DBG]: PINS  [RAW=0005, PWR=1, RST=0, ENIN=1, PWRPULS=1]

Read Dac
---------------------------------------------------------------------------------------------------------------------
(15_11:32:08.995) [DBG]: TPX3  [AA|00_00_00_00|03|00_0C] (ANALOG RD_DAC | 0_12)
(15_11:32:08.997) [DBG]: PINS  [RAW=0001, PWR=1, RST=0, ENIN=0, PWRPULS=1]
(15_11:32:09.003) [DBG]: Sent data:
   00 aa 00 00 00 00 03 00 0c 00                      |..........         
(15_11:32:09.006) [DBG]: Received data:
   03 00 00 00 05 0c 71 03 00 00 82 5a                |......q....Z       
(15_11:32:09.013) [DBG]: PINS  [RAW=0005, PWR=1, RST=0, ENIN=1, PWRPULS=1]

Read Dac
---------------------------------------------------------------------------------------------------------------------
(15_11:32:09.032) [DBG]: TPX3  [AA|00_00_00_00|03|00_0C] (ANALOG RD_DAC | 0_12)
(15_11:32:09.037) [DBG]: PINS  [RAW=0001, PWR=1, RST=0, ENIN=0, PWRPULS=1]
(15_11:32:09.047) [DBG]: Sent data:
   00 aa 00 00 00 00 03 00 0c 00                      |..........         
(15_11:32:09.049) [DBG]: Received data:
   03 00 00 00 05 0c 71 03 00 00 82 5a                |......q....Z       
(15_11:32:09.059) [DBG]: PINS  [RAW=0005, PWR=1, RST=0, ENIN=1, PWRPULS=1]

Read Band Gap
---------------------------------------------------------------------------------------------------------------------
(15_11:32:09.080) [DBG]: TPX3  [AA|00_00_00_00|00|00_1C] (ANALOG SENSE_DAC | 0_28)
(15_11:32:09.152) [DBG]: PINS  [RAW=0001, PWR=1, RST=0, ENIN=0, PWRPULS=1]
(15_11:32:09.212) [DBG]: Sent data:
   00 aa 00 00 00 00 00 00 1c 00                      |..........         
(15_11:32:09.257) [DBG]: Received data:
   71 00 00 00 82 5a                                  |q....Z             
(15_11:32:09.286) [DBG]: PINS  [RAW=0005, PWR=1, RST=0, ENIN=1, PWRPULS=1]
(15_11:32:09.504) [DBG]: ADC[0]: 1203
Initialization finished.




Set General Cfg
---------------------------------------------------------------------------------------------------------------------
(15_11:32:09.533) [DBG]: TPX3  [AA|00_00_00_00|30|00_48] (GENCFG SET | 0_72)
(15_11:32:09.534) [DBG]: PINS  [RAW=0001, PWR=1, RST=0, ENIN=0, PWRPULS=1]
(15_11:32:09.554) [DBG]: Sent data:
   00 aa 00 00 00 00 30 00 48 00                      |......0.H.         
(15_11:32:09.556) [DBG]: Received data:
   71 30 00 00 82 5a                                  |q0...Z             
(15_11:32:09.557) [DBG]: PINS  [RAW=0005, PWR=1, RST=0, ENIN=1, PWRPULS=1]

Set General Cfg
---------------------------------------------------------------------------------------------------------------------
(15_11:32:09.700) [DBG]: TPX3  [AA|00_00_00_00|30|00_49] (GENCFG SET | 0_73)
(15_11:32:09.704) [DBG]: PINS  [RAW=0001, PWR=1, RST=0, ENIN=0, PWRPULS=1]
(15_11:32:09.706) [DBG]: Sent data:
   00 aa 00 00 00 00 30 00 49 00                      |......0.I.         
(15_11:32:09.708) [DBG]: Received data:
   71 30 00 00 82 5a                                  |q0...Z             
(15_11:32:09.710) [DBG]: PINS  [RAW=0005, PWR=1, RST=0, ENIN=1, PWRPULS=1]

Set General Cfg
---------------------------------------------------------------------------------------------------------------------
(15_11:32:09.716) [DBG]: TPX3  [AA|00_00_00_00|30|00_49] (GENCFG SET | 0_73)
(15_11:32:09.717) [DBG]: PINS  [RAW=0001, PWR=1, RST=0, ENIN=0, PWRPULS=1]
(15_11:32:09.720) [DBG]: Sent data:
   00 aa 00 00 00 00 30 00 49 00                      |......0.I.         
(15_11:32:09.721) [DBG]: Received data:
   71 30 00 00 82 5a                                  |q0...Z             
(15_11:32:09.722) [DBG]: PINS  [RAW=0005, PWR=1, RST=0, ENIN=1, PWRPULS=1]

Set Bias
---------------------------------------------------------------------------------------------------------------------

Set Bias DAC Voltage 0.080000
---------------------------------------------------------------------------------------------------------------------
(15_11:32:09.729) [DBG]: Sent data:
   2a 64 00 50                                        |*d.P               
(15_11:32:09.732) [DBG]: Received data:
   e0 00 05 d1                                        |....               
(15_11:32:09.735) [DBG]: Bias = -500.000000,  Dac Voltage= 0.080000
(15_11:32:09.736) [MSG]: Debug log enabled: 0

