################# LOG OPENED (15/11/2024 11:28:12.740) ###################### 

Init Device
---------------------------------------------------------------------------------------------------------------------
(15_11:28:13.295) [DBG]: RGIN  [PRF=01, ADR=02, DATA=00]  (TPX3|CHANS|0)
Clearing buffers
(15_11:28:13.397) [DBG]: No data received.

Firmware
---------------------------------------------------------------------------------------------------------------------
(15_11:28:13.402) [DBG]: RGOUT [PRF=00, ADR=01, DATA=1021]  (TOP|FW1|4129)
(15_11:28:13.404) [DBG]: RGOUT [PRF=00, ADR=02, DATA=1914]  (TOP|FW2|6420)
(15_11:28:13.405) [DBG]: FPGA Firmware: Firmware 1.9 (14.10.2021)

CPU Firmware
---------------------------------------------------------------------------------------------------------------------
(15_11:28:13.409) [DBG]: Sent data:
   2a 76                                              |*v                 
(15_11:28:13.410) [DBG]: Received data:
   42 4f 4f 54 11 19 01 22                            |BOOT..."           
(15_11:28:13.412) [DBG]: CPU Firmware: Firmware BOOT 1.1 (19.01.2022)

Start Main Firmware
---------------------------------------------------------------------------------------------------------------------
(15_11:28:13.415) [DBG]: Sent data:
   2a 73                                              |*s                 

CPU Firmware
---------------------------------------------------------------------------------------------------------------------
(15_11:28:13.930) [DBG]: Sent data:
   2a 76                                              |*v                 
(15_11:28:13.932) [DBG]: Received data:
   4d 50 49 58 19 29 12 22                            |MPIX.)."           
(15_11:28:13.934) [DBG]: CPU Firmware: Firmware MPIX 1.9 (29.12.2022)
(15_11:28:13.946) [DBG]: Sent data:
   2a 68 6c                                           |*hl                
(15_11:28:13.948) [DBG]: Received data:
   53 00 00 00                                        |S...               
(15_11:28:13.950) [DBG]: Sent data:
   2a 68 74                                           |*ht                
(15_11:28:13.952) [DBG]: Received data:
   68 6c 2c 68 74 2c 76 2c 56 69 2c 56 63 2c 56 43    |hl,ht,v,Vi,Vc,VC   
   2c 43 63 2c 61 2c 79 2c 64 2c 62 2c 72 2c 65 2c    |,Cc,a,y,d,b,r,e,   
   66 2c 75 2c 74 2c 6d 72 2c 6d 64 2c 6d 65 2c 54    |f,u,t,mr,md,me,T   
   69 2c 54 65 2c 54 74 2c 54 64 2c 54 6d 2c 78 73    |i,Te,Tt,Td,Tm,xs   
   2c 78 69 2c 78 75 2c 78 65 2c 78 66 2c 78 72 2c    |,xi,xu,xe,xf,xr,   
   69 2c 6b 00                                        |i,k.               
   Bytes: 84
(15_11:28:13.954) [DBG]: Sent data:
   2a 6b                                              |*k                 
(15_11:28:13.955) [DBG]: Received data:
   ef be ad de                                        |....               

Read CPU Temperature
---------------------------------------------------------------------------------------------------------------------
(15_11:28:13.960) [DBG]: Sent data:
   2a 74                                              |*t                 
(15_11:28:13.961) [DBG]: Received data:
   7a 00 00 00                                        |z...               
(15_11:28:13.963) [DBG]: Sent data:
   2a 6d 72                                           |*mr                
(15_11:28:13.965) [DBG]: Received data:
   05 01 00 00                                        |....               

Read Flash Parameters
---------------------------------------------------------------------------------------------------------------------
(15_11:28:13.969) [DBG]: Sent data:
   2a 72 00 00 00 00 00 00 00 7c                      |*r.......|         
(15_11:28:13.972) [DBG]: Received data:
   4d 46 44 20 31 2e 30 0a 42 69 61 73 43 75 72 72    |MFD.1.0.BiasCurr   
   41 3d 32 30 0a 42 69 61 73 43 75 72 72 42 3d 2d    |A=20.BiasCurrB=-   
   34 30 2e 32 36 0a 42 69 61 73 43 75 72 72 43 3d    |40.26.BiasCurrC=   
   31 0a 42 69 61 73 43 75 72 72 43 68 61 6e 6e 65    |1.BiasCurrChanne   
   6c 3d 32 0a 42 69 61 73 43 75 72 72 44 3d 30 2e    |l=2.BiasCurrD=0.   
   31 33 0a 42 69 61 73 4d 61 78 3d 30 0a 42 69 61    |13.BiasMax=0.Bia   
   73 4d 69 6e 3d 2d 35 30 30 0a 42 69 61 73 50 6f    |sMin=-500.BiasPo   
   73 69 74 69 76 65 3d 30 0a 42 69 61 73 53 65 74    |sitive=0.BiasSet   
          ----- SKIPPED DATA -----
   ff ff ff ff ff ff ff ff ff ff ff ff ff ff ff ff    |................   
   ff ff ff ff ff ff ff ff ff ff ff ff ff ff ff ff    |................   
   ff ff ff ff ff ff ff ff ff ff ff ff ff ff ff ff    |................   
   ff ff ff ff ff ff ff ff ff ff ff ff ff ff ff ff    |................   
   ff ff ff ff ff ff ff ff ff ff ff ff ff ff ff ff    |................   
   ff ff ff ff ff ff ff ff ff ff ff ff ff ff ff ff    |................   
   ff ff ff ff ff ff ff ff ff ff ff ff ff ff ff ff    |................   
   ff ff ff ff ff ff ff ff ff 00 00 cd ab             |.............      
   Bytes: 500
(15_11:28:13.976) [DBG]: RGOUT [PRF=01, ADR=0B, DATA=DEF1]  (TPX3||57073)
(15_11:28:13.977) [DBG]: Trigger info: DEF1


============================================================================================================================
(15_11:28:13.979) [DBG]: Lib Version     : Version 2.1 (Mar 19 2024)
(15_11:28:13.980) [DBG]: FPGA Firmware   : Firmware 1.9 (14.10.2021)
(15_11:28:13.981) [DBG]: CPU  Firmware   : Firmware MPIX 1.9 (29.12.2022)
(15_11:28:13.982) [DBG]: Device Name     : WidePIX MiniPIX T3WA sn: 2157 A
(15_11:28:13.983) [DBG]: Readout Freq    : 80 MHz
(15_11:28:13.984) [DBG]: CPU Temperature : 12.2
(15_11:28:13.985) [DBG]: ChanMask        : 07
(15_11:28:13.986) [DBG]: Motohours       : 522
(15_11:28:13.986) [DBG]: FirmwareVer     : 1.900000
(15_11:28:13.987) [DBG]: CpuFirmwareVer  : 1.900000
(15_11:28:13.988) [DBG]: Is Master       : 1

Flash Parameters:
(15_11:28:13.989) [MSG]: BiasCurrA = 20
(15_11:28:13.990) [MSG]: BiasCurrB = -40.26
(15_11:28:13.991) [MSG]: BiasCurrC = 1
(15_11:28:13.992) [MSG]: BiasCurrChannel = 2
(15_11:28:13.992) [MSG]: BiasCurrD = 0.13
(15_11:28:13.993) [MSG]: BiasMax = 0
(15_11:28:13.994) [MSG]: BiasMin = -500
(15_11:28:13.995) [MSG]: BiasPositive = 0
(15_11:28:13.996) [MSG]: BiasSetA = 3.8800000000000002E-3
(15_11:28:13.997) [MSG]: BiasSetB = -0.02
(15_11:28:13.998) [MSG]: BiasVoltA = 254
(15_11:28:13.999) [MSG]: BiasVoltB = -518
(15_11:28:14.000) [MSG]: BiasVoltChannel = 1
============================================================================================================================




CPU Get Values

Read CPU Temperature
---------------------------------------------------------------------------------------------------------------------
(15_11:28:14.006) [DBG]: Sent data:
   2a 74                                              |*t                 
(15_11:28:14.008) [DBG]: Received data:
   7d 00 00 00                                        |}...               

Bias Voltage Sense
---------------------------------------------------------------------------------------------------------------------
(15_11:28:14.024) [DBG]: ADC[1]: 4086
(15_11:28:14.036) [DBG]: ADC[2]: 4095

Bias Voltage Sense
---------------------------------------------------------------------------------------------------------------------
(15_11:28:14.052) [DBG]: ADC[1]: 4084
(15_11:28:14.064) [DBG]: ADC[2]: 4095

Read Power Supply Voltage from CPU
---------------------------------------------------------------------------------------------------------------------
(15_11:28:14.068) [DBG]: Sent data:
   2a 56 69                                           |*Vi                
(15_11:28:14.070) [DBG]: Received data:
   f2 01 00 00                                        |....               

Read Power Supply Voltage from CPU
---------------------------------------------------------------------------------------------------------------------
(15_11:28:14.074) [DBG]: Sent data:
   2a 56 43                                           |*VC                
(15_11:28:14.076) [DBG]: Received data:
   da 09 00 00                                        |....               

Read Power Supply Voltage from CPU
---------------------------------------------------------------------------------------------------------------------
(15_11:28:14.081) [DBG]: Sent data:
   2a 56 63                                           |*Vc                
(15_11:28:14.110) [DBG]: Received data:
   0c 07 00 00                                        |....               
(15_11:28:14.116) [DBG]: Sent data:
   2a 6d 72                                           |*mr                
(15_11:28:14.118) [DBG]: Received data:
   05 01 00 00                                        |....               

Read Current from CPU
---------------------------------------------------------------------------------------------------------------------
(15_11:28:14.122) [DBG]: Sent data:
   2a 43 63                                           |*Cc                
(15_11:28:14.150) [DBG]: Received data:
   00 00 00 00                                        |....               
(15_11:28:14.152) [DBG]: Sent data:
   2a 54 74                                           |*Tt                
(15_11:28:14.160) [DBG]: Received data:
   73 fe ff ff                                        |s...               
(15_11:28:14.162) [DBG]: TMP: 3699


TemperatureCpu = 12.500000
BiasSenseVoltage = 0.922000
BiasSenseCurrent = 0.754754
PowerSupplyVoltage = 4.980000
CPUSupplyVoltage = 2.522000
ChipLDOVoltage = 1.804000
Motohours = 522
ChipCurrent = 0.000000
TemperatureChipCpu = 3699




Read device status
(15_11:28:14.168) [DBG]: RGOUT [PRF=01, ADR=0A, DATA=ABC0]  (TPX3||43968)
(15_11:28:14.169) [DBG]: Device status: ABC0
(15_11:28:14.169) [DBG]: PINS  [RAW=000E, PWR=0, RST=1, ENIN=1, PWRPULS=0]
(15_11:28:14.171) [DBG]: RGIN  [PRF=00, ADR=00, DATA=00]  (TOP|MUX|0)
(15_11:28:14.171) [DBG]: RGIN  [PRF=01, ADR=02, DATA=00]  (TPX3|CHANS|0)
(15_11:28:14.173) [DBG]: RGIN  [PRF=01, ADR=03, DATA=00]  (TPX3|ENOUT|0)

Reset TPX3 Power
---------------------------------------------------------------------------------------------------------------------
(15_11:28:14.176) [DBG]: PINS  [RAW=000C, PWR=0, RST=0, ENIN=1, PWRPULS=0]
(15_11:28:14.382) [DBG]: PINS  [RAW=000D, PWR=1, RST=0, ENIN=1, PWRPULS=0]
(15_11:28:14.598) [DBG]: PINS  [RAW=000D, PWR=1, RST=0, ENIN=1, PWRPULS=0]

Reset TPX3
---------------------------------------------------------------------------------------------------------------------
(15_11:28:14.602) [DBG]: PINS  [RAW=000F, PWR=1, RST=1, ENIN=1, PWRPULS=0]
(15_11:28:14.603) [DBG]: PINS  [RAW=000D, PWR=1, RST=0, ENIN=1, PWRPULS=0]
(15_11:28:14.622) [DBG]: PINS  [RAW=0005, PWR=1, RST=0, ENIN=1, PWRPULS=1]

Setup PLL and Output Config
---------------------------------------------------------------------------------------------------------------------
(15_11:28:14.663) [DBG]: RGIN  [PRF=01, ADR=02, DATA=00]  (TPX3|CHANS|0)
(15_11:28:14.664) [DBG]: RGIN  [PRF=01, ADR=03, DATA=00]  (TPX3|ENOUT|0)
(15_11:28:14.666) [DBG]: RGOUT [PRF=01, ADR=04, DATA=A0B7]  (TPX3|SYNC|41143)
(15_11:28:14.667) [DBG]: Synchronized channels: 0=No, 1=No, 2=No

Set PLL Cfg
---------------------------------------------------------------------------------------------------------------------
(15_11:28:14.670) [DBG]: TPX3  [AA|00_00_00_00|20|01_1E] (PLL SET_CFG | 1_30)
(15_11:28:14.671) [DBG]: PINS  [RAW=0001, PWR=1, RST=0, ENIN=0, PWRPULS=1]
(15_11:28:14.672) [DBG]: Sent data:
   00 aa 00 00 00 00 20 01 1e 00                      |..........         
(15_11:28:14.673) [DBG]: PINS  [RAW=0005, PWR=1, RST=0, ENIN=1, PWRPULS=1]

Set Output Cfg
---------------------------------------------------------------------------------------------------------------------
(15_11:28:14.694) [DBG]: TPX3  [AA|00_00_00_00|10|7C_07] (OUTPUT SET_CFG | 124_7)
(15_11:28:14.695) [DBG]: PINS  [RAW=0001, PWR=1, RST=0, ENIN=0, PWRPULS=1]
(15_11:28:14.696) [DBG]: Sent data:
   00 aa 00 00 00 00 10 7c 07 00                      |.......|..         
(15_11:28:14.699) [DBG]: PINS  [RAW=0005, PWR=1, RST=0, ENIN=1, PWRPULS=1]
(15_11:28:14.724) [DBG]: RGIN  [PRF=01, ADR=02, DATA=07]  (TPX3|CHANS|7)
(15_11:28:14.726) [DBG]: RGOUT [PRF=01, ADR=04, DATA=A0B0]  (TPX3|SYNC|41136)
(15_11:28:14.727) [DBG]: Synchronized channels: 0=Yes, 1=Yes, 2=Yes
(15_11:28:14.829) [DBG]: RGIN  [PRF=01, ADR=03, DATA=01]  (TPX3|ENOUT|1)

Synchronization to stream
---------------------------------------------------------------------------------------------------------------------
(15_11:28:15.085) [MSG]: Received: 0, 240
(15_11:28:15.087) [MSG]: Buffer:
   44 00 ff 5f b1 47 71 44 00 00 00 00 44 00 ff 5f     
   b1 47 71 44 00 00 00 00 44 00 ff 5f b1 47 71 44     
   00 00 00 00 44 00 ff 5f b1 47 71 44 00 00 00 00     
   44 00 ff 5f b1 47 71 44 00 00 00 00 44 00 ff 5f     
   b1 47 71 44 00 00 00 00 44 00 ff 5f b1 47 71 44     
   00 00 00 00 44 00 ff 5f b1 47 71 44 00 00 00 00     
   44 00 ff 5f b1 47 71 44 00 00 00 00 44 00 ff 5f     
   b1 47 71 44 00 00 00 00 44 00 ff 5f b1 47 71 44     
   00 00 00 00 44 00 ff 5f b1 47 71 44 00 00 00 00     
   44 00 ff 5f b1 47 71 44 00 00 00 00 44 00 ff 5f     
   b1 47 71 44 00 00 00 00 44 00 ff 5f b1 47 71 44     
   00 00 00 00 44 00 ff 5f b1 47 71 44 00 00 00 00     
   44 00 ff 5f b1 47 71 44 00 00 00 00 44 00 ff 5f     
   b1 47 71 44 00 00 00 00 44 00 ff 5f b1 47 71 44     
   00 00 00 00 44 00 ff 5f b1 47 71 44 00 00 00 00     
   Bytes: 240
(15_11:28:15.090) [DBG]: RGOUT [PRF=01, ADR=04, DATA=A0B0]  (TPX3|SYNC|41136)
(15_11:28:15.091) [DBG]: Synchronized channels: 0=Yes, 1=Yes, 2=Yes
(15_11:28:15.092) [DBG]: RGOUT [PRF=01, ADR=04, DATA=A0B0]  (TPX3|SYNC|41136)
(15_11:28:15.093) [DBG]: Synchronized channels: 0=Yes, 1=Yes, 2=Yes

Reset Timer
---------------------------------------------------------------------------------------------------------------------
(15_11:28:15.096) [DBG]: TPX3  [AA|00_00_00_00|40|00_00] (TIMER RESET | 0_0)
(15_11:28:15.098) [DBG]: PINS  [RAW=0001, PWR=1, RST=0, ENIN=0, PWRPULS=1]
(15_11:28:15.100) [DBG]: Sent data:
   00 aa 00 00 00 00 40 00 00 00                      |......@...         
(15_11:28:15.101) [DBG]: Received data:
   71 40 00 00 00 00                                  |q@....             
(15_11:28:15.103) [DBG]: PINS  [RAW=0005, PWR=1, RST=0, ENIN=1, PWRPULS=1]

Set Timer T0Sync
---------------------------------------------------------------------------------------------------------------------
(15_11:28:15.106) [DBG]: TPX3  [AA|00_00_00_00|4A|00_00] (TIMER T0SYNC | 0_0)
(15_11:28:15.107) [DBG]: PINS  [RAW=0001, PWR=1, RST=0, ENIN=0, PWRPULS=1]
(15_11:28:15.108) [DBG]: Sent data:
   00 aa 00 00 00 00 4a 00 00 00                      |......J...         
(15_11:28:15.110) [DBG]: Received data:
   71 4a 00 00 00 00                                  |qJ....             
(15_11:28:15.112) [DBG]: PINS  [RAW=0005, PWR=1, RST=0, ENIN=1, PWRPULS=1]

Reset Matrix
---------------------------------------------------------------------------------------------------------------------
(15_11:28:15.116) [DBG]: TPX3  [AA|00_00_00_00|E0|00_00] (??? ??? | 0_0)
(15_11:28:15.117) [DBG]: PINS  [RAW=0001, PWR=1, RST=0, ENIN=0, PWRPULS=1]
(15_11:28:15.118) [DBG]: Sent data:
   00 aa 00 00 00 00 e0 00 00 00                      |..........         
(15_11:28:15.119) [DBG]: Received data:
   71 ef 00 00 00 00                                  |q.....             
(15_11:28:15.121) [DBG]: PINS  [RAW=0005, PWR=1, RST=0, ENIN=1, PWRPULS=1]
(15_11:28:15.132) [DBG]: No data received.
(15_11:28:15.134) [DBG]: RGOUT [PRF=01, ADR=04, DATA=A0B0]  (TPX3|SYNC|41136)
(15_11:28:15.135) [DBG]: Synchronized channels: 0=Yes, 1=Yes, 2=Yes

Read Chip ID
---------------------------------------------------------------------------------------------------------------------
(15_11:28:15.138) [DBG]: TPX3  [AA|00_00_00_00|09|00_00] (ANALOG EF_READ | 0_0)
(15_11:28:15.139) [DBG]: PINS  [RAW=0001, PWR=1, RST=0, ENIN=0, PWRPULS=1]
(15_11:28:15.140) [DBG]: Sent data:
   00 aa 00 00 00 00 09 00 00 00                      |..........         
(15_11:28:15.142) [DBG]: Received data:
   09 00 00 00 82 5a 71 09 00 00 82 5a                |.....Zq....Z       
(15_11:28:15.144) [DBG]: PINS  [RAW=0005, PWR=1, RST=0, ENIN=1, PWRPULS=1]
(15_11:28:15.146) [DBG]: RGOUT [PRF=01, ADR=04, DATA=A0B0]  (TPX3|SYNC|41136)
(15_11:28:15.147) [DBG]: Synchronized channels: 0=Yes, 1=Yes, 2=Yes



============================================================================================================================
(15_11:28:15.151) [MSG]: ChipID : J05-W0130
============================================================================================================================

Set Dac 0=16
---------------------------------------------------------------------------------------------------------------------
(15_11:28:15.155) [DBG]: TPX3  [AA|00_00_00_00|02|02_01] (ANALOG SET_DAC | 2_1)
(15_11:28:15.156) [DBG]: PINS  [RAW=0001, PWR=1, RST=0, ENIN=0, PWRPULS=1]
(15_11:28:15.157) [DBG]: Sent data:
   00 aa 00 00 00 00 02 02 01 00                      |..........         
(15_11:28:15.159) [DBG]: Received data:
   71 02 00 00 82 5a                                  |q....Z             
(15_11:28:15.160) [DBG]: PINS  [RAW=0005, PWR=1, RST=0, ENIN=1, PWRPULS=1]

Read Dac
---------------------------------------------------------------------------------------------------------------------
(15_11:28:15.200) [DBG]: TPX3  [AA|00_00_00_00|03|00_01] (ANALOG RD_DAC | 0_1)
(15_11:28:15.201) [DBG]: PINS  [RAW=0001, PWR=1, RST=0, ENIN=0, PWRPULS=1]
(15_11:28:15.202) [DBG]: Sent data:
   00 aa 00 00 00 00 03 00 01 00                      |..........         
(15_11:28:15.204) [DBG]: Received data:
   03 00 00 00 02 01 71 03 00 00 82 5a                |......q....Z       
(15_11:28:15.206) [DBG]: PINS  [RAW=0005, PWR=1, RST=0, ENIN=1, PWRPULS=1]

Read Dac
---------------------------------------------------------------------------------------------------------------------
(15_11:28:15.209) [DBG]: TPX3  [AA|00_00_00_00|03|00_01] (ANALOG RD_DAC | 0_1)
(15_11:28:15.210) [DBG]: PINS  [RAW=0001, PWR=1, RST=0, ENIN=0, PWRPULS=1]
(15_11:28:15.211) [DBG]: Sent data:
   00 aa 00 00 00 00 03 00 01 00                      |..........         
(15_11:28:15.214) [DBG]: Received data:
   03 00 00 00 02 01 71 03 00 00 82 5a                |......q....Z       
(15_11:28:15.215) [DBG]: PINS  [RAW=0005, PWR=1, RST=0, ENIN=1, PWRPULS=1]

Read Dac
---------------------------------------------------------------------------------------------------------------------
(15_11:28:15.219) [DBG]: TPX3  [AA|00_00_00_00|03|00_01] (ANALOG RD_DAC | 0_1)
(15_11:28:15.220) [DBG]: PINS  [RAW=0001, PWR=1, RST=0, ENIN=0, PWRPULS=1]
(15_11:28:15.222) [DBG]: Sent data:
   00 aa 00 00 00 00 03 00 01 00                      |..........         
(15_11:28:15.223) [DBG]: Received data:
   03 00 00 00 02 01 71 03 00 00 82 5a                |......q....Z       
(15_11:28:15.226) [DBG]: PINS  [RAW=0005, PWR=1, RST=0, ENIN=1, PWRPULS=1]

Read Dac
---------------------------------------------------------------------------------------------------------------------
(15_11:28:15.229) [DBG]: TPX3  [AA|00_00_00_00|03|00_01] (ANALOG RD_DAC | 0_1)
(15_11:28:15.230) [DBG]: PINS  [RAW=0001, PWR=1, RST=0, ENIN=0, PWRPULS=1]
(15_11:28:15.232) [DBG]: Sent data:
   00 aa 00 00 00 00 03 00 01 00                      |..........         
(15_11:28:15.235) [DBG]: Received data:
   03 00 00 00 02 01 71 03 00 00 82 5a                |......q....Z       
(15_11:28:15.236) [DBG]: PINS  [RAW=0005, PWR=1, RST=0, ENIN=1, PWRPULS=1]

Set Dac 7=16
---------------------------------------------------------------------------------------------------------------------
(15_11:28:15.240) [DBG]: TPX3  [AA|00_00_00_00|02|02_08] (ANALOG SET_DAC | 2_8)
(15_11:28:15.241) [DBG]: PINS  [RAW=0001, PWR=1, RST=0, ENIN=0, PWRPULS=1]
(15_11:28:15.242) [DBG]: Sent data:
   00 aa 00 00 00 00 02 02 08 00                      |..........         
(15_11:28:15.244) [DBG]: Received data:
   71 02 00 00 82 5a                                  |q....Z             
(15_11:28:15.246) [DBG]: PINS  [RAW=0005, PWR=1, RST=0, ENIN=1, PWRPULS=1]

Read Dac
---------------------------------------------------------------------------------------------------------------------
(15_11:28:15.295) [DBG]: TPX3  [AA|00_00_00_00|03|00_08] (ANALOG RD_DAC | 0_8)
(15_11:28:15.302) [DBG]: PINS  [RAW=0001, PWR=1, RST=0, ENIN=0, PWRPULS=1]
(15_11:28:15.320) [DBG]: Sent data:
   00 aa 00 00 00 00 03 00 08 00                      |..........         
(15_11:28:15.325) [DBG]: Received data:
   03 00 00 00 02 08 71 03 00 00 82 5a                |......q....Z       
(15_11:28:15.328) [DBG]: PINS  [RAW=0005, PWR=1, RST=0, ENIN=1, PWRPULS=1]

Read Dac
---------------------------------------------------------------------------------------------------------------------
(15_11:28:15.362) [DBG]: TPX3  [AA|00_00_00_00|03|00_08] (ANALOG RD_DAC | 0_8)
(15_11:28:15.364) [DBG]: PINS  [RAW=0001, PWR=1, RST=0, ENIN=0, PWRPULS=1]
(15_11:28:15.368) [DBG]: Sent data:
   00 aa 00 00 00 00 03 00 08 00                      |..........         
(15_11:28:15.369) [DBG]: Received data:
   03 00 00 00 02 08 71 03 00 00 82 5a                |......q....Z       
(15_11:28:15.371) [DBG]: PINS  [RAW=0005, PWR=1, RST=0, ENIN=1, PWRPULS=1]

Read Dac
---------------------------------------------------------------------------------------------------------------------
(15_11:28:15.374) [DBG]: TPX3  [AA|00_00_00_00|03|00_08] (ANALOG RD_DAC | 0_8)
(15_11:28:15.375) [DBG]: PINS  [RAW=0001, PWR=1, RST=0, ENIN=0, PWRPULS=1]
(15_11:28:15.376) [DBG]: Sent data:
   00 aa 00 00 00 00 03 00 08 00                      |..........         
(15_11:28:15.378) [DBG]: Received data:
   03 00 00 00 02 08 71 03 00 00 82 5a                |......q....Z       
(15_11:28:15.380) [DBG]: PINS  [RAW=0005, PWR=1, RST=0, ENIN=1, PWRPULS=1]

Read Dac
---------------------------------------------------------------------------------------------------------------------
(15_11:28:15.384) [DBG]: TPX3  [AA|00_00_00_00|03|00_08] (ANALOG RD_DAC | 0_8)
(15_11:28:15.384) [DBG]: PINS  [RAW=0001, PWR=1, RST=0, ENIN=0, PWRPULS=1]
(15_11:28:15.385) [DBG]: Sent data:
   00 aa 00 00 00 00 03 00 08 00                      |..........         
(15_11:28:15.387) [DBG]: Received data:
   03 00 00 00 02 08 71 03 00 00 82 5a                |......q....Z       
(15_11:28:15.388) [DBG]: PINS  [RAW=0005, PWR=1, RST=0, ENIN=1, PWRPULS=1]

Set Dac 9=16
---------------------------------------------------------------------------------------------------------------------
(15_11:28:15.392) [DBG]: TPX3  [AA|00_00_00_00|02|02_0A] (ANALOG SET_DAC | 2_10)
(15_11:28:15.392) [DBG]: PINS  [RAW=0001, PWR=1, RST=0, ENIN=0, PWRPULS=1]
(15_11:28:15.394) [DBG]: Sent data:
   00 aa 00 00 00 00 02 02 0a 00                      |..........         
(15_11:28:15.395) [DBG]: Received data:
   71 02 00 00 82 5a                                  |q....Z             
(15_11:28:15.397) [DBG]: PINS  [RAW=0005, PWR=1, RST=0, ENIN=1, PWRPULS=1]

Read Dac
---------------------------------------------------------------------------------------------------------------------
(15_11:28:15.438) [DBG]: TPX3  [AA|00_00_00_00|03|00_0A] (ANALOG RD_DAC | 0_10)
(15_11:28:15.439) [DBG]: PINS  [RAW=0001, PWR=1, RST=0, ENIN=0, PWRPULS=1]
(15_11:28:15.482) [DBG]: Sent data:
   00 aa 00 00 00 00 03 00 0a 00                      |..........         
(15_11:28:15.484) [DBG]: Received data:
   03 00 00 00 02 0a 71 03 00 00 82 5a                |......q....Z       
(15_11:28:15.539) [DBG]: PINS  [RAW=0005, PWR=1, RST=0, ENIN=1, PWRPULS=1]

Read Dac
---------------------------------------------------------------------------------------------------------------------
(15_11:28:15.593) [DBG]: TPX3  [AA|00_00_00_00|03|00_0A] (ANALOG RD_DAC | 0_10)
(15_11:28:15.596) [DBG]: PINS  [RAW=0001, PWR=1, RST=0, ENIN=0, PWRPULS=1]
(15_11:28:15.648) [DBG]: Sent data:
   00 aa 00 00 00 00 03 00 0a 00                      |..........         
(15_11:28:15.651) [DBG]: Received data:
   03 00 00 00 02 0a 71 03 00 00 82 5a                |......q....Z       
(15_11:28:15.665) [DBG]: PINS  [RAW=0005, PWR=1, RST=0, ENIN=1, PWRPULS=1]

Read Dac
---------------------------------------------------------------------------------------------------------------------
(15_11:28:15.733) [DBG]: TPX3  [AA|00_00_00_00|03|00_0A] (ANALOG RD_DAC | 0_10)
(15_11:28:15.738) [DBG]: PINS  [RAW=0001, PWR=1, RST=0, ENIN=0, PWRPULS=1]
(15_11:28:15.785) [DBG]: Sent data:
   00 aa 00 00 00 00 03 00 0a 00                      |..........         
(15_11:28:15.787) [DBG]: Received data:
   03 00 00 00 02 0a 71 03 00 00 82 5a                |......q....Z       
(15_11:28:15.788) [DBG]: PINS  [RAW=0005, PWR=1, RST=0, ENIN=1, PWRPULS=1]

Read Dac
---------------------------------------------------------------------------------------------------------------------
(15_11:28:15.804) [DBG]: TPX3  [AA|00_00_00_00|03|00_0A] (ANALOG RD_DAC | 0_10)
(15_11:28:15.805) [DBG]: PINS  [RAW=0001, PWR=1, RST=0, ENIN=0, PWRPULS=1]
(15_11:28:15.849) [DBG]: Sent data:
   00 aa 00 00 00 00 03 00 0a 00                      |..........         
(15_11:28:15.859) [DBG]: Received data:
   03 00 00 00 02 0a 71 03 00 00 82 5a                |......q....Z       
(15_11:28:15.861) [DBG]: PINS  [RAW=0005, PWR=1, RST=0, ENIN=1, PWRPULS=1]

Set Dac 11=40
---------------------------------------------------------------------------------------------------------------------
(15_11:28:15.868) [DBG]: TPX3  [AA|00_00_00_00|02|05_0C] (ANALOG SET_DAC | 5_12)
(15_11:28:15.869) [DBG]: PINS  [RAW=0001, PWR=1, RST=0, ENIN=0, PWRPULS=1]
(15_11:28:15.881) [DBG]: Sent data:
   00 aa 00 00 00 00 02 05 0c 00                      |..........         
(15_11:28:15.883) [DBG]: Received data:
   71 02 00 00 82 5a                                  |q....Z             
(15_11:28:15.885) [DBG]: PINS  [RAW=0005, PWR=1, RST=0, ENIN=1, PWRPULS=1]

Read Dac
---------------------------------------------------------------------------------------------------------------------
(15_11:28:15.935) [DBG]: TPX3  [AA|00_00_00_00|03|00_0C] (ANALOG RD_DAC | 0_12)
(15_11:28:15.936) [DBG]: PINS  [RAW=0001, PWR=1, RST=0, ENIN=0, PWRPULS=1]
(15_11:28:15.960) [DBG]: Sent data:
   00 aa 00 00 00 00 03 00 0c 00                      |..........         
(15_11:28:15.962) [DBG]: Received data:
   03 00 00 00 05 0c 71 03 00 00 82 5a                |......q....Z       
(15_11:28:15.973) [DBG]: PINS  [RAW=0005, PWR=1, RST=0, ENIN=1, PWRPULS=1]

Read Dac
---------------------------------------------------------------------------------------------------------------------
(15_11:28:15.978) [DBG]: TPX3  [AA|00_00_00_00|03|00_0C] (ANALOG RD_DAC | 0_12)
(15_11:28:15.979) [DBG]: PINS  [RAW=0001, PWR=1, RST=0, ENIN=0, PWRPULS=1]
(15_11:28:15.984) [DBG]: Sent data:
   00 aa 00 00 00 00 03 00 0c 00                      |..........         
(15_11:28:15.986) [DBG]: Received data:
   03 00 00 00 05 0c 71 03 00 00 82 5a                |......q....Z       
(15_11:28:15.987) [DBG]: PINS  [RAW=0005, PWR=1, RST=0, ENIN=1, PWRPULS=1]

Read Dac
---------------------------------------------------------------------------------------------------------------------
(15_11:28:15.990) [DBG]: TPX3  [AA|00_00_00_00|03|00_0C] (ANALOG RD_DAC | 0_12)
(15_11:28:15.991) [DBG]: PINS  [RAW=0001, PWR=1, RST=0, ENIN=0, PWRPULS=1]
(15_11:28:15.992) [DBG]: Sent data:
   00 aa 00 00 00 00 03 00 0c 00                      |..........         
(15_11:28:15.994) [DBG]: Received data:
   03 00 00 00 05 0c 71 03 00 00 82 5a                |......q....Z       
(15_11:28:15.995) [DBG]: PINS  [RAW=0005, PWR=1, RST=0, ENIN=1, PWRPULS=1]

Read Dac
---------------------------------------------------------------------------------------------------------------------
(15_11:28:15.999) [DBG]: TPX3  [AA|00_00_00_00|03|00_0C] (ANALOG RD_DAC | 0_12)
(15_11:28:16.000) [DBG]: PINS  [RAW=0001, PWR=1, RST=0, ENIN=0, PWRPULS=1]
(15_11:28:16.001) [DBG]: Sent data:
   00 aa 00 00 00 00 03 00 0c 00                      |..........         
(15_11:28:16.002) [DBG]: Received data:
   03 00 00 00 05 0c 71 03 00 00 82 5a                |......q....Z       
(15_11:28:16.004) [DBG]: PINS  [RAW=0005, PWR=1, RST=0, ENIN=1, PWRPULS=1]

Read Band Gap
---------------------------------------------------------------------------------------------------------------------
(15_11:28:16.007) [DBG]: TPX3  [AA|00_00_00_00|00|00_1C] (ANALOG SENSE_DAC | 0_28)
(15_11:28:16.008) [DBG]: PINS  [RAW=0001, PWR=1, RST=0, ENIN=0, PWRPULS=1]
(15_11:28:16.008) [DBG]: Sent data:
   00 aa 00 00 00 00 00 00 1c 00                      |..........         
(15_11:28:16.010) [DBG]: Received data:
   71 00 00 00 82 5a                                  |q....Z             
(15_11:28:16.011) [DBG]: PINS  [RAW=0005, PWR=1, RST=0, ENIN=1, PWRPULS=1]
(15_11:28:16.028) [DBG]: ADC[0]: 1203
Initialization finished.




Set General Cfg
---------------------------------------------------------------------------------------------------------------------
(15_11:28:16.054) [DBG]: TPX3  [AA|00_00_00_00|30|00_48] (GENCFG SET | 0_72)
(15_11:28:16.055) [DBG]: PINS  [RAW=0001, PWR=1, RST=0, ENIN=0, PWRPULS=1]
(15_11:28:16.056) [DBG]: Sent data:
   00 aa 00 00 00 00 30 00 48 00                      |......0.H.         
(15_11:28:16.058) [DBG]: Received data:
   71 30 00 00 82 5a                                  |q0...Z             
(15_11:28:16.059) [DBG]: PINS  [RAW=0005, PWR=1, RST=0, ENIN=1, PWRPULS=1]

Has Configuration in Device
---------------------------------------------------------------------------------------------------------------------
(15_11:28:16.262) [DBG]: Sent data:
   2a 78 69                                           |*xi                
(15_11:28:16.265) [DBG]: Received data:
   9d 60 18 ab                                        |.`..               
(15_11:28:16.267) [DBG]: Sent data:
   2a 78 72 00 00 00 00 00 36                         |*xr.....6          
(15_11:28:16.275) [DBG]: Received data:
   ff ff ff ff 4d 53 54 47 00 21 08 44 53 54 47 42    |....MSTG.!.DSTGB   
   00 01 00 21 08 36 04 0e 49 6e 66 6f 2f 44 61 74    |...!.6..Info/Dat   
   65 54 69 6d 65 00 00 00 00 0b 31 37 30 33 30 36    |eTime.....170306   
   39 30 30 31 00 04 11 49 6e 66 6f 2f 44 61 74 65    |9001...Info/Date   
   54 69 6d 65 53 74 72 00 00 00 00 20 57 65 64 20    |TimeStr.....Wed.   
   44 65 63 20 32 30 20 31 31 3a 34 33 3a 32 31 2e    |Dec.20.11:43:21.   
   36 37 38 39 39 39 20 32 30 32 33 00 04 12 49 6e    |678999.2023...In   
   66 6f 2f 50 69 78 65 74 56 65 72 73 69 6f 6e 00    |fo/PixetVersion.   
          ----- SKIPPED DATA -----
   2e 30 20 42 75 69 6c 64 20 33 34 33 66 35 65 34    |.0.Build.343f5e4   
   20 28 32 33 30 35 30 35 29 00 05 19 4a 30 35 2d    |.(230505)...J05-   
   57 30 31 33 30 2f 42 69 6e 61 72 79 50 69 78 65    |W0130/BinaryPixe   
   6c 43 66 67 00 00 01 00 00 50 12 d6 ce 12 18 0a    |lCfg.....P......   
   14 8c 10 8a cc 10 10 12 0c 0c 0e 0e 14 0e 16 10    |................   
   0e 0a 0c 0e 0a 0a 14 0e 12 06 0e 0e 0a 0e 10 0c    |................   
   10 12 10 14 10 0a 12 0c 0c 0e 12 12 14 10 12 0e    |................   
   12 14 10 12 0a 10 10 0c 10 00 00 cd ab             |.............      
   Bytes: 260

Load configuration from device
---------------------------------------------------------------------------------------------------------------------
(15_11:28:16.281) [DBG]: Sent data:
   2a 78 69                                           |*xi                
(15_11:28:16.282) [DBG]: Received data:
   9d 60 18 ab                                        |.`..               
(15_11:28:16.284) [DBG]: Sent data:
   2a 78 72 00 00 00 00 00 36                         |*xr.....6          
(15_11:28:16.286) [DBG]: Received data:
   ff ff ff ff 4d 53 54 47 00 21 08 44 53 54 47 42    |....MSTG.!.DSTGB   
   00 01 00 21 08 36 04 0e 49 6e 66 6f 2f 44 61 74    |...!.6..Info/Dat   
   65 54 69 6d 65 00 00 00 00 0b 31 37 30 33 30 36    |eTime.....170306   
   39 30 30 31 00 04 11 49 6e 66 6f 2f 44 61 74 65    |9001...Info/Date   
   54 69 6d 65 53 74 72 00 00 00 00 20 57 65 64 20    |TimeStr.....Wed.   
   44 65 63 20 32 30 20 31 31 3a 34 33 3a 32 31 2e    |Dec.20.11:43:21.   
   36 37 38 39 39 39 20 32 30 32 33 00 04 12 49 6e    |678999.2023...In   
   66 6f 2f 50 69 78 65 74 56 65 72 73 69 6f 6e 00    |fo/PixetVersion.   
          ----- SKIPPED DATA -----
   2e 30 20 42 75 69 6c 64 20 33 34 33 66 35 65 34    |.0.Build.343f5e4   
   20 28 32 33 30 35 30 35 29 00 05 19 4a 30 35 2d    |.(230505)...J05-   
   57 30 31 33 30 2f 42 69 6e 61 72 79 50 69 78 65    |W0130/BinaryPixe   
   6c 43 66 67 00 00 01 00 00 50 12 d6 ce 12 18 0a    |lCfg.....P......   
   14 8c 10 8a cc 10 10 12 0c 0c 0e 0e 14 0e 16 10    |................   
   0e 0a 0c 0e 0a 0a 14 0e 12 06 0e 0e 0a 0e 10 0c    |................   
   10 12 10 14 10 0a 12 0c 0c 0e 12 12 14 10 12 0e    |................   
   12 14 10 12 0a 10 10 0c 10 00 00 cd ab             |.............      
   Bytes: 260
(15_11:28:16.288) [DBG]: Sent data:
   2a 78 72 00 00 00 21 08 50                         |*xr...!.P          
(15_11:28:19.539) [DBG]: Received data:
   00 00 00 00 4d 53 54 47 00 21 08 44 53 54 47 42    |....MSTG.!.DSTGB   
   00 01 00 21 08 36 04 0e 49 6e 66 6f 2f 44 61 74    |...!.6..Info/Dat   
   65 54 69 6d 65 00 00 00 00 0b 31 37 30 33 30 36    |eTime.....170306   
   39 30 30 31 00 04 11 49 6e 66 6f 2f 44 61 74 65    |9001...Info/Date   
   54 69 6d 65 53 74 72 00 00 00 00 20 57 65 64 20    |TimeStr.....Wed.   
   44 65 63 20 32 30 20 31 31 3a 34 33 3a 32 31 2e    |Dec.20.11:43:21.   
   36 37 38 39 39 39 20 32 30 32 33 00 04 12 49 6e    |678999.2023...In   
   66 6f 2f 50 69 78 65 74 56 65 72 73 69 6f 6e 00    |fo/PixetVersion.   
          ----- SKIPPED DATA -----
   ff ff ff ff ff ff ff ff ff ff ff ff ff ff ff ff    |................   
   ff ff ff ff ff ff ff ff ff ff ff ff ff ff ff ff    |................   
   ff ff ff ff ff ff ff ff ff ff ff ff ff ff ff ff    |................   
   ff ff ff ff ff ff ff ff ff ff ff ff ff ff ff ff    |................   
   ff ff ff ff ff ff ff ff ff ff ff ff ff ff ff ff    |................   
   ff ff ff ff ff ff ff ff ff ff ff ff ff ff ff ff    |................   
   ff ff ff ff ff ff ff ff ff ff ff ff ff ff ff ff    |................   
   ff ff ff ff ff ff ff ff ff 00 00 cd ab             |.............      
   Bytes: 2164996

Set General Cfg
---------------------------------------------------------------------------------------------------------------------
(15_11:28:19.547) [DBG]: TPX3  [AA|00_00_00_00|30|00_49] (GENCFG SET | 0_73)
(15_11:28:19.548) [DBG]: PINS  [RAW=0001, PWR=1, RST=0, ENIN=0, PWRPULS=1]
(15_11:28:19.550) [DBG]: Sent data:
   00 aa 00 00 00 00 30 00 49 00                      |......0.I.         
(15_11:28:19.551) [DBG]: Received data:
   71 30 00 00 82 5a                                  |q0...Z             
(15_11:28:19.553) [DBG]: PINS  [RAW=0005, PWR=1, RST=0, ENIN=1, PWRPULS=1]

Set Bias
---------------------------------------------------------------------------------------------------------------------

Set Bias DAC Voltage 0.080000
---------------------------------------------------------------------------------------------------------------------
(15_11:28:19.559) [DBG]: Sent data:
   2a 64 00 50                                        |*d.P               
(15_11:28:19.563) [DBG]: Received data:
   e0 00 05 d1                                        |....               
(15_11:28:19.566) [DBG]: Bias = -500.000000,  Dac Voltage= 0.080000
(15_11:28:19.567) [MSG]: Debug log enabled: 0

