################# LOG OPENED (15/11/2024 11:33:08.057) ###################### 

Init Device
---------------------------------------------------------------------------------------------------------------------
(15_11:33:08.598) [DBG]: RGIN  [PRF=01, ADR=02, DATA=00]  (TPX3|CHANS|0)
Clearing buffers
(15_11:33:08.703) [DBG]: No data received.

Firmware
---------------------------------------------------------------------------------------------------------------------
(15_11:33:08.721) [DBG]: RGOUT [PRF=00, ADR=01, DATA=1021]  (TOP|FW1|4129)
(15_11:33:08.723) [DBG]: RGOUT [PRF=00, ADR=02, DATA=1914]  (TOP|FW2|6420)
(15_11:33:08.733) [DBG]: FPGA Firmware: Firmware 1.9 (14.10.2021)

CPU Firmware
---------------------------------------------------------------------------------------------------------------------
(15_11:33:08.742) [DBG]: Sent data:
   2a 76                                              |*v                 
(15_11:33:08.743) [DBG]: Received data:
   4d 50 49 58 19 29 12 22                            |MPIX.)."           
(15_11:33:08.745) [DBG]: CPU Firmware: Firmware MPIX 1.9 (29.12.2022)

Start Main Firmware
---------------------------------------------------------------------------------------------------------------------
(15_11:33:08.754) [DBG]: Sent data:
   2a 73                                              |*s                 

CPU Firmware
---------------------------------------------------------------------------------------------------------------------
(15_11:33:09.302) [DBG]: Sent data:
   2a 76                                              |*v                 
(15_11:33:09.305) [DBG]: Received data:
   4d 50 49 58 19 29 12 22                            |MPIX.)."           
(15_11:33:09.307) [DBG]: CPU Firmware: Firmware MPIX 1.9 (29.12.2022)
(15_11:33:09.308) [DBG]: Sent data:
   2a 68 6c                                           |*hl                
(15_11:33:09.310) [DBG]: Received data:
   53 00 00 00                                        |S...               
(15_11:33:09.316) [DBG]: Sent data:
   2a 68 74                                           |*ht                
(15_11:33:09.318) [DBG]: Received data:
   68 6c 2c 68 74 2c 76 2c 56 69 2c 56 63 2c 56 43    |hl,ht,v,Vi,Vc,VC   
   2c 43 63 2c 61 2c 79 2c 64 2c 62 2c 72 2c 65 2c    |,Cc,a,y,d,b,r,e,   
   66 2c 75 2c 74 2c 6d 72 2c 6d 64 2c 6d 65 2c 54    |f,u,t,mr,md,me,T   
   69 2c 54 65 2c 54 74 2c 54 64 2c 54 6d 2c 78 73    |i,Te,Tt,Td,Tm,xs   
   2c 78 69 2c 78 75 2c 78 65 2c 78 66 2c 78 72 2c    |,xi,xu,xe,xf,xr,   
   69 2c 6b 00                                        |i,k.               
   Bytes: 84
(15_11:33:09.321) [DBG]: Sent data:
   2a 6b                                              |*k                 
(15_11:33:09.323) [DBG]: Received data:
   ef be ad de                                        |....               

Read CPU Temperature
---------------------------------------------------------------------------------------------------------------------
(15_11:33:09.327) [DBG]: Sent data:
   2a 74                                              |*t                 
(15_11:33:09.330) [DBG]: Received data:
   95 00 00 00                                        |....               
(15_11:33:09.332) [DBG]: Sent data:
   2a 6d 72                                           |*mr                
(15_11:33:09.333) [DBG]: Received data:
   07 01 00 00                                        |....               

Read Flash Parameters
---------------------------------------------------------------------------------------------------------------------
(15_11:33:09.338) [DBG]: Sent data:
   2a 72 00 00 00 00 00 00 00 7c                      |*r.......|         
(15_11:33:09.339) [DBG]: Received data:
   4d 46 44 20 31 2e 30 0a 42 69 61 73 43 75 72 72    |MFD.1.0.BiasCurr   
   41 3d 32 30 0a 42 69 61 73 43 75 72 72 42 3d 2d    |A=20.BiasCurrB=-   
   34 30 2e 32 36 0a 42 69 61 73 43 75 72 72 43 3d    |40.26.BiasCurrC=   
   31 0a 42 69 61 73 43 75 72 72 43 68 61 6e 6e 65    |1.BiasCurrChanne   
   6c 3d 32 0a 42 69 61 73 43 75 72 72 44 3d 30 2e    |l=2.BiasCurrD=0.   
   31 33 0a 42 69 61 73 4d 61 78 3d 30 0a 42 69 61    |13.BiasMax=0.Bia   
   73 4d 69 6e 3d 2d 35 30 30 0a 42 69 61 73 50 6f    |sMin=-500.BiasPo   
   73 69 74 69 76 65 3d 30 0a 42 69 61 73 53 65 74    |sitive=0.BiasSet   
          ----- SKIPPED DATA -----
   ff ff ff ff ff ff ff ff ff ff ff ff ff ff ff ff    |................   
   ff ff ff ff ff ff ff ff ff ff ff ff ff ff ff ff    |................   
   ff ff ff ff ff ff ff ff ff ff ff ff ff ff ff ff    |................   
   ff ff ff ff ff ff ff ff ff ff ff ff ff ff ff ff    |................   
   ff ff ff ff ff ff ff ff ff ff ff ff ff ff ff ff    |................   
   ff ff ff ff ff ff ff ff ff ff ff ff ff ff ff ff    |................   
   ff ff ff ff ff ff ff ff ff ff ff ff ff ff ff ff    |................   
   ff ff ff ff ff ff ff ff ff 00 00 cd ab             |.............      
   Bytes: 500
(15_11:33:09.343) [DBG]: RGOUT [PRF=01, ADR=0B, DATA=DEF1]  (TPX3||57073)
(15_11:33:09.344) [DBG]: Trigger info: DEF1


============================================================================================================================
(15_11:33:09.347) [DBG]: Lib Version     : Version 2.1 (Mar 19 2024)
(15_11:33:09.348) [DBG]: FPGA Firmware   : Firmware 1.9 (14.10.2021)
(15_11:33:09.349) [DBG]: CPU  Firmware   : Firmware MPIX 1.9 (29.12.2022)
(15_11:33:09.350) [DBG]: Device Name     : WidePIX MiniPIX T3WA sn: 2157 A
(15_11:33:09.350) [DBG]: Readout Freq    : 80 MHz
(15_11:33:09.351) [DBG]: CPU Temperature : 14.9
(15_11:33:09.352) [DBG]: ChanMask        : 07
(15_11:33:09.353) [DBG]: Motohours       : 526
(15_11:33:09.354) [DBG]: FirmwareVer     : 1.900000
(15_11:33:09.354) [DBG]: CpuFirmwareVer  : 1.900000
(15_11:33:09.355) [DBG]: Is Master       : 1

Flash Parameters:
(15_11:33:09.357) [MSG]: BiasCurrA = 20
(15_11:33:09.358) [MSG]: BiasCurrB = -40.26
(15_11:33:09.358) [MSG]: BiasCurrC = 1
(15_11:33:09.359) [MSG]: BiasCurrChannel = 2
(15_11:33:09.360) [MSG]: BiasCurrD = 0.13
(15_11:33:09.361) [MSG]: BiasMax = 0
(15_11:33:09.361) [MSG]: BiasMin = -500
(15_11:33:09.362) [MSG]: BiasPositive = 0
(15_11:33:09.363) [MSG]: BiasSetA = 3.8800000000000002E-3
(15_11:33:09.364) [MSG]: BiasSetB = -0.02
(15_11:33:09.365) [MSG]: BiasVoltA = 254
(15_11:33:09.365) [MSG]: BiasVoltB = -518
(15_11:33:09.367) [MSG]: BiasVoltChannel = 1
============================================================================================================================




CPU Get Values

Read CPU Temperature
---------------------------------------------------------------------------------------------------------------------
(15_11:33:09.372) [DBG]: Sent data:
   2a 74                                              |*t                 
(15_11:33:09.374) [DBG]: Received data:
   9c 00 00 00                                        |....               

Bias Voltage Sense
---------------------------------------------------------------------------------------------------------------------
(15_11:33:09.391) [DBG]: ADC[1]: 4085
(15_11:33:09.404) [DBG]: ADC[2]: 4095

Bias Voltage Sense
---------------------------------------------------------------------------------------------------------------------
(15_11:33:09.419) [DBG]: ADC[1]: 4083
(15_11:33:09.431) [DBG]: ADC[2]: 4095

Read Power Supply Voltage from CPU
---------------------------------------------------------------------------------------------------------------------
(15_11:33:09.435) [DBG]: Sent data:
   2a 56 69                                           |*Vi                
(15_11:33:09.437) [DBG]: Received data:
   f0 01 00 00                                        |....               

Read Power Supply Voltage from CPU
---------------------------------------------------------------------------------------------------------------------
(15_11:33:09.441) [DBG]: Sent data:
   2a 56 43                                           |*VC                
(15_11:33:09.443) [DBG]: Received data:
   d3 09 00 00                                        |....               

Read Power Supply Voltage from CPU
---------------------------------------------------------------------------------------------------------------------
(15_11:33:09.449) [DBG]: Sent data:
   2a 56 63                                           |*Vc                
(15_11:33:09.477) [DBG]: Received data:
   0a 07 00 00                                        |....               
(15_11:33:09.483) [DBG]: Sent data:
   2a 6d 72                                           |*mr                
(15_11:33:09.485) [DBG]: Received data:
   07 01 00 00                                        |....               

Read Current from CPU
---------------------------------------------------------------------------------------------------------------------
(15_11:33:09.491) [DBG]: Sent data:
   2a 43 63                                           |*Cc                
(15_11:33:09.521) [DBG]: Received data:
   00 00 00 00                                        |....               
(15_11:33:09.523) [DBG]: Sent data:
   2a 54 74                                           |*Tt                
(15_11:33:09.531) [DBG]: Received data:
   b4 ff ff ff                                        |....               
(15_11:33:09.533) [DBG]: TMP: 4020


TemperatureCpu = 15.600000
BiasSenseVoltage = 0.795000
BiasSenseCurrent = 0.754754
PowerSupplyVoltage = 4.960000
CPUSupplyVoltage = 2.515000
ChipLDOVoltage = 1.802000
Motohours = 526
ChipCurrent = 0.000000
TemperatureChipCpu = 4020




Read device status
(15_11:33:09.537) [DBG]: RGOUT [PRF=01, ADR=0A, DATA=ABC0]  (TPX3||43968)
(15_11:33:09.538) [DBG]: Device status: ABC0
(15_11:33:09.539) [DBG]: PINS  [RAW=000E, PWR=0, RST=1, ENIN=1, PWRPULS=0]
(15_11:33:09.539) [DBG]: RGIN  [PRF=00, ADR=00, DATA=00]  (TOP|MUX|0)
(15_11:33:09.540) [DBG]: RGIN  [PRF=01, ADR=02, DATA=00]  (TPX3|CHANS|0)
(15_11:33:09.541) [DBG]: RGIN  [PRF=01, ADR=03, DATA=00]  (TPX3|ENOUT|0)

Reset TPX3 Power
---------------------------------------------------------------------------------------------------------------------
(15_11:33:09.544) [DBG]: PINS  [RAW=000C, PWR=0, RST=0, ENIN=1, PWRPULS=0]
(15_11:33:09.759) [DBG]: PINS  [RAW=000D, PWR=1, RST=0, ENIN=1, PWRPULS=0]
(15_11:33:09.964) [DBG]: PINS  [RAW=000D, PWR=1, RST=0, ENIN=1, PWRPULS=0]

Reset TPX3
---------------------------------------------------------------------------------------------------------------------
(15_11:33:09.973) [DBG]: PINS  [RAW=000F, PWR=1, RST=1, ENIN=1, PWRPULS=0]
(15_11:33:09.975) [DBG]: PINS  [RAW=000D, PWR=1, RST=0, ENIN=1, PWRPULS=0]
(15_11:33:09.994) [DBG]: PINS  [RAW=0005, PWR=1, RST=0, ENIN=1, PWRPULS=1]

Setup PLL and Output Config
---------------------------------------------------------------------------------------------------------------------
(15_11:33:10.021) [DBG]: RGIN  [PRF=01, ADR=02, DATA=00]  (TPX3|CHANS|0)
(15_11:33:10.023) [DBG]: RGIN  [PRF=01, ADR=03, DATA=00]  (TPX3|ENOUT|0)
(15_11:33:10.026) [DBG]: RGOUT [PRF=01, ADR=04, DATA=A0B7]  (TPX3|SYNC|41143)
(15_11:33:10.027) [DBG]: Synchronized channels: 0=No, 1=No, 2=No

Set PLL Cfg
---------------------------------------------------------------------------------------------------------------------
(15_11:33:10.038) [DBG]: TPX3  [AA|00_00_00_00|20|01_1E] (PLL SET_CFG | 1_30)
(15_11:33:10.040) [DBG]: PINS  [RAW=0001, PWR=1, RST=0, ENIN=0, PWRPULS=1]
(15_11:33:10.043) [DBG]: Sent data:
   00 aa 00 00 00 00 20 01 1e 00                      |..........         
(15_11:33:10.047) [DBG]: PINS  [RAW=0005, PWR=1, RST=0, ENIN=1, PWRPULS=1]

Set Output Cfg
---------------------------------------------------------------------------------------------------------------------
(15_11:33:10.072) [DBG]: TPX3  [AA|00_00_00_00|10|7C_07] (OUTPUT SET_CFG | 124_7)
(15_11:33:10.074) [DBG]: PINS  [RAW=0001, PWR=1, RST=0, ENIN=0, PWRPULS=1]
(15_11:33:10.076) [DBG]: Sent data:
   00 aa 00 00 00 00 10 7c 07 00                      |.......|..         
(15_11:33:10.082) [DBG]: PINS  [RAW=0005, PWR=1, RST=0, ENIN=1, PWRPULS=1]
(15_11:33:10.105) [DBG]: RGIN  [PRF=01, ADR=02, DATA=07]  (TPX3|CHANS|7)
(15_11:33:10.110) [DBG]: RGOUT [PRF=01, ADR=04, DATA=A0B0]  (TPX3|SYNC|41136)
(15_11:33:10.112) [DBG]: Synchronized channels: 0=Yes, 1=Yes, 2=Yes
(15_11:33:10.225) [DBG]: RGIN  [PRF=01, ADR=03, DATA=01]  (TPX3|ENOUT|1)

Synchronization to stream
---------------------------------------------------------------------------------------------------------------------
(15_11:33:10.443) [MSG]: Received: 0, 240
(15_11:33:10.444) [MSG]: Buffer:
   44 00 00 00 00 00 71 44 00 00 00 00 44 00 00 00     
   00 00 71 44 00 00 00 00 44 00 00 00 00 00 71 44     
   00 00 00 00 44 00 00 00 00 00 71 44 00 00 00 00     
   44 00 00 00 00 00 71 44 00 00 00 00 44 00 00 00     
   00 00 71 44 00 00 00 00 44 00 00 00 00 00 71 44     
   00 00 00 00 44 00 00 00 00 00 71 44 00 00 00 00     
   44 00 00 00 00 00 71 44 00 00 00 00 44 00 00 00     
   00 00 71 44 00 00 00 00 44 00 00 00 00 00 71 44     
   00 00 00 00 44 00 00 00 00 00 71 44 00 00 00 00     
   44 00 00 00 00 00 71 44 00 00 00 00 44 00 00 00     
   00 00 71 44 00 00 00 00 44 00 00 00 00 00 71 44     
   00 00 00 00 44 00 00 00 00 00 71 44 00 00 00 00     
   44 00 00 00 00 00 71 44 00 00 00 00 44 00 00 00     
   00 00 71 44 00 00 00 00 44 00 00 00 00 00 71 44     
   00 00 00 00 44 00 00 00 00 00 71 44 00 00 00 00     
   Bytes: 240
(15_11:33:10.447) [DBG]: RGOUT [PRF=01, ADR=04, DATA=A0B0]  (TPX3|SYNC|41136)
(15_11:33:10.448) [DBG]: Synchronized channels: 0=Yes, 1=Yes, 2=Yes
(15_11:33:10.451) [DBG]: RGOUT [PRF=01, ADR=04, DATA=A0B0]  (TPX3|SYNC|41136)
(15_11:33:10.452) [DBG]: Synchronized channels: 0=Yes, 1=Yes, 2=Yes

Reset Timer
---------------------------------------------------------------------------------------------------------------------
(15_11:33:10.456) [DBG]: TPX3  [AA|00_00_00_00|40|00_00] (TIMER RESET | 0_0)
(15_11:33:10.457) [DBG]: PINS  [RAW=0001, PWR=1, RST=0, ENIN=0, PWRPULS=1]
(15_11:33:10.458) [DBG]: Sent data:
   00 aa 00 00 00 00 40 00 00 00                      |......@...         
(15_11:33:10.461) [DBG]: Received data:
   71 40 00 00 00 00                                  |q@....             
(15_11:33:10.463) [DBG]: PINS  [RAW=0005, PWR=1, RST=0, ENIN=1, PWRPULS=1]

Set Timer T0Sync
---------------------------------------------------------------------------------------------------------------------
(15_11:33:10.468) [DBG]: TPX3  [AA|00_00_00_00|4A|00_00] (TIMER T0SYNC | 0_0)
(15_11:33:10.469) [DBG]: PINS  [RAW=0001, PWR=1, RST=0, ENIN=0, PWRPULS=1]
(15_11:33:10.471) [DBG]: Sent data:
   00 aa 00 00 00 00 4a 00 00 00                      |......J...         
(15_11:33:10.473) [DBG]: Received data:
   71 4a 00 00 00 00                                  |qJ....             
(15_11:33:10.475) [DBG]: PINS  [RAW=0005, PWR=1, RST=0, ENIN=1, PWRPULS=1]

Reset Matrix
---------------------------------------------------------------------------------------------------------------------
(15_11:33:10.480) [DBG]: TPX3  [AA|00_00_00_00|E0|00_00] (??? ??? | 0_0)
(15_11:33:10.481) [DBG]: PINS  [RAW=0001, PWR=1, RST=0, ENIN=0, PWRPULS=1]
(15_11:33:10.483) [DBG]: Sent data:
   00 aa 00 00 00 00 e0 00 00 00                      |..........         
(15_11:33:10.485) [DBG]: Received data:
   71 ef 00 00 00 00                                  |q.....             
(15_11:33:10.487) [DBG]: PINS  [RAW=0005, PWR=1, RST=0, ENIN=1, PWRPULS=1]
(15_11:33:10.498) [DBG]: No data received.
(15_11:33:10.501) [DBG]: RGOUT [PRF=01, ADR=04, DATA=A0B0]  (TPX3|SYNC|41136)
(15_11:33:10.502) [DBG]: Synchronized channels: 0=Yes, 1=Yes, 2=Yes

Read Chip ID
---------------------------------------------------------------------------------------------------------------------
(15_11:33:10.507) [DBG]: TPX3  [AA|00_00_00_00|09|00_00] (ANALOG EF_READ | 0_0)
(15_11:33:10.508) [DBG]: PINS  [RAW=0001, PWR=1, RST=0, ENIN=0, PWRPULS=1]
(15_11:33:10.510) [DBG]: Sent data:
   00 aa 00 00 00 00 09 00 00 00                      |..........         
(15_11:33:10.512) [DBG]: Received data:
   09 00 00 00 82 5a 71 09 00 00 82 5a                |.....Zq....Z       
(15_11:33:10.519) [DBG]: PINS  [RAW=0005, PWR=1, RST=0, ENIN=1, PWRPULS=1]
(15_11:33:10.521) [DBG]: RGOUT [PRF=01, ADR=04, DATA=A0B0]  (TPX3|SYNC|41136)
(15_11:33:10.522) [DBG]: Synchronized channels: 0=Yes, 1=Yes, 2=Yes



============================================================================================================================
(15_11:33:10.524) [MSG]: ChipID : J05-W0130
============================================================================================================================

Set Dac 0=16
---------------------------------------------------------------------------------------------------------------------
(15_11:33:10.529) [DBG]: TPX3  [AA|00_00_00_00|02|02_01] (ANALOG SET_DAC | 2_1)
(15_11:33:10.530) [DBG]: PINS  [RAW=0001, PWR=1, RST=0, ENIN=0, PWRPULS=1]
(15_11:33:10.532) [DBG]: Sent data:
   00 aa 00 00 00 00 02 02 01 00                      |..........         
(15_11:33:10.534) [DBG]: Received data:
   71 02 00 00 82 5a                                  |q....Z             
(15_11:33:10.536) [DBG]: PINS  [RAW=0005, PWR=1, RST=0, ENIN=1, PWRPULS=1]

Read Dac
---------------------------------------------------------------------------------------------------------------------
(15_11:33:10.574) [DBG]: TPX3  [AA|00_00_00_00|03|00_01] (ANALOG RD_DAC | 0_1)
(15_11:33:10.575) [DBG]: PINS  [RAW=0001, PWR=1, RST=0, ENIN=0, PWRPULS=1]
(15_11:33:10.576) [DBG]: Sent data:
   00 aa 00 00 00 00 03 00 01 00                      |..........         
(15_11:33:10.579) [DBG]: Received data:
   03 00 00 00 02 01 71 03 00 00 82 5a                |......q....Z       
(15_11:33:10.581) [DBG]: PINS  [RAW=0005, PWR=1, RST=0, ENIN=1, PWRPULS=1]

Read Dac
---------------------------------------------------------------------------------------------------------------------
(15_11:33:10.585) [DBG]: TPX3  [AA|00_00_00_00|03|00_01] (ANALOG RD_DAC | 0_1)
(15_11:33:10.586) [DBG]: PINS  [RAW=0001, PWR=1, RST=0, ENIN=0, PWRPULS=1]
(15_11:33:10.587) [DBG]: Sent data:
   00 aa 00 00 00 00 03 00 01 00                      |..........         
(15_11:33:10.589) [DBG]: Received data:
   03 00 00 00 02 01 71 03 00 00 82 5a                |......q....Z       
(15_11:33:10.591) [DBG]: PINS  [RAW=0005, PWR=1, RST=0, ENIN=1, PWRPULS=1]

Read Dac
---------------------------------------------------------------------------------------------------------------------
(15_11:33:10.594) [DBG]: TPX3  [AA|00_00_00_00|03|00_01] (ANALOG RD_DAC | 0_1)
(15_11:33:10.595) [DBG]: PINS  [RAW=0001, PWR=1, RST=0, ENIN=0, PWRPULS=1]
(15_11:33:10.596) [DBG]: Sent data:
   00 aa 00 00 00 00 03 00 01 00                      |..........         
(15_11:33:10.597) [DBG]: Received data:
   03 00 00 00 02 01 71 03 00 00 82 5a                |......q....Z       
(15_11:33:10.599) [DBG]: PINS  [RAW=0005, PWR=1, RST=0, ENIN=1, PWRPULS=1]

Read Dac
---------------------------------------------------------------------------------------------------------------------
(15_11:33:10.603) [DBG]: TPX3  [AA|00_00_00_00|03|00_01] (ANALOG RD_DAC | 0_1)
(15_11:33:10.603) [DBG]: PINS  [RAW=0001, PWR=1, RST=0, ENIN=0, PWRPULS=1]
(15_11:33:10.604) [DBG]: Sent data:
   00 aa 00 00 00 00 03 00 01 00                      |..........         
(15_11:33:10.606) [DBG]: Received data:
   03 00 00 00 02 01 71 03 00 00 82 5a                |......q....Z       
(15_11:33:10.607) [DBG]: PINS  [RAW=0005, PWR=1, RST=0, ENIN=1, PWRPULS=1]

Set Dac 7=16
---------------------------------------------------------------------------------------------------------------------
(15_11:33:10.611) [DBG]: TPX3  [AA|00_00_00_00|02|02_08] (ANALOG SET_DAC | 2_8)
(15_11:33:10.612) [DBG]: PINS  [RAW=0001, PWR=1, RST=0, ENIN=0, PWRPULS=1]
(15_11:33:10.613) [DBG]: Sent data:
   00 aa 00 00 00 00 02 02 08 00                      |..........         
(15_11:33:10.615) [DBG]: Received data:
   71 02 00 00 82 5a                                  |q....Z             
(15_11:33:10.617) [DBG]: PINS  [RAW=0005, PWR=1, RST=0, ENIN=1, PWRPULS=1]

Read Dac
---------------------------------------------------------------------------------------------------------------------
(15_11:33:10.652) [DBG]: TPX3  [AA|00_00_00_00|03|00_08] (ANALOG RD_DAC | 0_8)
(15_11:33:10.653) [DBG]: PINS  [RAW=0001, PWR=1, RST=0, ENIN=0, PWRPULS=1]
(15_11:33:10.655) [DBG]: Sent data:
   00 aa 00 00 00 00 03 00 08 00                      |..........         
(15_11:33:10.657) [DBG]: Received data:
   03 00 00 00 02 08 71 03 00 00 82 5a                |......q....Z       
(15_11:33:10.659) [DBG]: PINS  [RAW=0005, PWR=1, RST=0, ENIN=1, PWRPULS=1]

Read Dac
---------------------------------------------------------------------------------------------------------------------
(15_11:33:10.663) [DBG]: TPX3  [AA|00_00_00_00|03|00_08] (ANALOG RD_DAC | 0_8)
(15_11:33:10.666) [DBG]: PINS  [RAW=0001, PWR=1, RST=0, ENIN=0, PWRPULS=1]
(15_11:33:10.668) [DBG]: Sent data:
   00 aa 00 00 00 00 03 00 08 00                      |..........         
(15_11:33:10.670) [DBG]: Received data:
   03 00 00 00 02 08 71 03 00 00 82 5a                |......q....Z       
(15_11:33:10.673) [DBG]: PINS  [RAW=0005, PWR=1, RST=0, ENIN=1, PWRPULS=1]

Read Dac
---------------------------------------------------------------------------------------------------------------------
(15_11:33:10.676) [DBG]: TPX3  [AA|00_00_00_00|03|00_08] (ANALOG RD_DAC | 0_8)
(15_11:33:10.677) [DBG]: PINS  [RAW=0001, PWR=1, RST=0, ENIN=0, PWRPULS=1]
(15_11:33:10.678) [DBG]: Sent data:
   00 aa 00 00 00 00 03 00 08 00                      |..........         
(15_11:33:10.683) [DBG]: Received data:
   03 00 00 00 02 08 71 03 00 00 82 5a                |......q....Z       
(15_11:33:10.684) [DBG]: PINS  [RAW=0005, PWR=1, RST=0, ENIN=1, PWRPULS=1]

Read Dac
---------------------------------------------------------------------------------------------------------------------
(15_11:33:10.688) [DBG]: TPX3  [AA|00_00_00_00|03|00_08] (ANALOG RD_DAC | 0_8)
(15_11:33:10.689) [DBG]: PINS  [RAW=0001, PWR=1, RST=0, ENIN=0, PWRPULS=1]
(15_11:33:10.690) [DBG]: Sent data:
   00 aa 00 00 00 00 03 00 08 00                      |..........         
(15_11:33:10.692) [DBG]: Received data:
   03 00 00 00 02 08 71 03 00 00 82 5a                |......q....Z       
(15_11:33:10.693) [DBG]: PINS  [RAW=0005, PWR=1, RST=0, ENIN=1, PWRPULS=1]

Set Dac 9=16
---------------------------------------------------------------------------------------------------------------------
(15_11:33:10.697) [DBG]: TPX3  [AA|00_00_00_00|02|02_0A] (ANALOG SET_DAC | 2_10)
(15_11:33:10.698) [DBG]: PINS  [RAW=0001, PWR=1, RST=0, ENIN=0, PWRPULS=1]
(15_11:33:10.699) [DBG]: Sent data:
   00 aa 00 00 00 00 02 02 0a 00                      |..........         
(15_11:33:10.701) [DBG]: Received data:
   71 02 00 00 82 5a                                  |q....Z             
(15_11:33:10.702) [DBG]: PINS  [RAW=0005, PWR=1, RST=0, ENIN=1, PWRPULS=1]

Read Dac
---------------------------------------------------------------------------------------------------------------------
(15_11:33:10.735) [DBG]: TPX3  [AA|00_00_00_00|03|00_0A] (ANALOG RD_DAC | 0_10)
(15_11:33:10.736) [DBG]: PINS  [RAW=0001, PWR=1, RST=0, ENIN=0, PWRPULS=1]
(15_11:33:10.738) [DBG]: Sent data:
   00 aa 00 00 00 00 03 00 0a 00                      |..........         
(15_11:33:10.740) [DBG]: Received data:
   03 00 00 00 02 0a 71 03 00 00 82 5a                |......q....Z       
(15_11:33:10.743) [DBG]: PINS  [RAW=0005, PWR=1, RST=0, ENIN=1, PWRPULS=1]

Read Dac
---------------------------------------------------------------------------------------------------------------------
(15_11:33:10.748) [DBG]: TPX3  [AA|00_00_00_00|03|00_0A] (ANALOG RD_DAC | 0_10)
(15_11:33:10.749) [DBG]: PINS  [RAW=0001, PWR=1, RST=0, ENIN=0, PWRPULS=1]
(15_11:33:10.751) [DBG]: Sent data:
   00 aa 00 00 00 00 03 00 0a 00                      |..........         
(15_11:33:10.753) [DBG]: Received data:
   03 00 00 00 02 0a 71 03 00 00 82 5a                |......q....Z       
(15_11:33:10.755) [DBG]: PINS  [RAW=0005, PWR=1, RST=0, ENIN=1, PWRPULS=1]

Read Dac
---------------------------------------------------------------------------------------------------------------------
(15_11:33:10.759) [DBG]: TPX3  [AA|00_00_00_00|03|00_0A] (ANALOG RD_DAC | 0_10)
(15_11:33:10.760) [DBG]: PINS  [RAW=0001, PWR=1, RST=0, ENIN=0, PWRPULS=1]
(15_11:33:10.761) [DBG]: Sent data:
   00 aa 00 00 00 00 03 00 0a 00                      |..........         
(15_11:33:10.769) [DBG]: Received data:
   03 00 00 00 02 0a 71 03 00 00 82 5a                |......q....Z       
(15_11:33:10.772) [DBG]: PINS  [RAW=0005, PWR=1, RST=0, ENIN=1, PWRPULS=1]

Read Dac
---------------------------------------------------------------------------------------------------------------------
(15_11:33:10.776) [DBG]: TPX3  [AA|00_00_00_00|03|00_0A] (ANALOG RD_DAC | 0_10)
(15_11:33:10.777) [DBG]: PINS  [RAW=0001, PWR=1, RST=0, ENIN=0, PWRPULS=1]
(15_11:33:10.779) [DBG]: Sent data:
   00 aa 00 00 00 00 03 00 0a 00                      |..........         
(15_11:33:10.781) [DBG]: Received data:
   03 00 00 00 02 0a 71 03 00 00 82 5a                |......q....Z       
(15_11:33:10.782) [DBG]: PINS  [RAW=0005, PWR=1, RST=0, ENIN=1, PWRPULS=1]

Set Dac 11=40
---------------------------------------------------------------------------------------------------------------------
(15_11:33:10.786) [DBG]: TPX3  [AA|00_00_00_00|02|05_0C] (ANALOG SET_DAC | 5_12)
(15_11:33:10.786) [DBG]: PINS  [RAW=0001, PWR=1, RST=0, ENIN=0, PWRPULS=1]
(15_11:33:10.788) [DBG]: Sent data:
   00 aa 00 00 00 00 02 05 0c 00                      |..........         
(15_11:33:10.789) [DBG]: Received data:
   71 02 00 00 82 5a                                  |q....Z             
(15_11:33:10.791) [DBG]: PINS  [RAW=0005, PWR=1, RST=0, ENIN=1, PWRPULS=1]

Read Dac
---------------------------------------------------------------------------------------------------------------------
(15_11:33:10.819) [DBG]: TPX3  [AA|00_00_00_00|03|00_0C] (ANALOG RD_DAC | 0_12)
(15_11:33:10.821) [DBG]: PINS  [RAW=0001, PWR=1, RST=0, ENIN=0, PWRPULS=1]
(15_11:33:10.822) [DBG]: Sent data:
   00 aa 00 00 00 00 03 00 0c 00                      |..........         
(15_11:33:10.825) [DBG]: Received data:
   03 00 00 00 05 0c 71 03 00 00 82 5a                |......q....Z       
(15_11:33:10.827) [DBG]: PINS  [RAW=0005, PWR=1, RST=0, ENIN=1, PWRPULS=1]

Read Dac
---------------------------------------------------------------------------------------------------------------------
(15_11:33:10.831) [DBG]: TPX3  [AA|00_00_00_00|03|00_0C] (ANALOG RD_DAC | 0_12)
(15_11:33:10.832) [DBG]: PINS  [RAW=0001, PWR=1, RST=0, ENIN=0, PWRPULS=1]
(15_11:33:10.833) [DBG]: Sent data:
   00 aa 00 00 00 00 03 00 0c 00                      |..........         
(15_11:33:10.835) [DBG]: Received data:
   03 00 00 00 05 0c 71 03 00 00 82 5a                |......q....Z       
(15_11:33:10.837) [DBG]: PINS  [RAW=0005, PWR=1, RST=0, ENIN=1, PWRPULS=1]

Read Dac
---------------------------------------------------------------------------------------------------------------------
(15_11:33:10.840) [DBG]: TPX3  [AA|00_00_00_00|03|00_0C] (ANALOG RD_DAC | 0_12)
(15_11:33:10.841) [DBG]: PINS  [RAW=0001, PWR=1, RST=0, ENIN=0, PWRPULS=1]
(15_11:33:10.842) [DBG]: Sent data:
   00 aa 00 00 00 00 03 00 0c 00                      |..........         
(15_11:33:10.844) [DBG]: Received data:
   03 00 00 00 05 0c 71 03 00 00 82 5a                |......q....Z       
(15_11:33:10.847) [DBG]: PINS  [RAW=0005, PWR=1, RST=0, ENIN=1, PWRPULS=1]

Read Dac
---------------------------------------------------------------------------------------------------------------------
(15_11:33:10.850) [DBG]: TPX3  [AA|00_00_00_00|03|00_0C] (ANALOG RD_DAC | 0_12)
(15_11:33:10.851) [DBG]: PINS  [RAW=0001, PWR=1, RST=0, ENIN=0, PWRPULS=1]
(15_11:33:10.852) [DBG]: Sent data:
   00 aa 00 00 00 00 03 00 0c 00                      |..........         
(15_11:33:10.854) [DBG]: Received data:
   03 00 00 00 05 0c 71 03 00 00 82 5a                |......q....Z       
(15_11:33:10.856) [DBG]: PINS  [RAW=0005, PWR=1, RST=0, ENIN=1, PWRPULS=1]

Read Band Gap
---------------------------------------------------------------------------------------------------------------------
(15_11:33:10.859) [DBG]: TPX3  [AA|00_00_00_00|00|00_1C] (ANALOG SENSE_DAC | 0_28)
(15_11:33:10.860) [DBG]: PINS  [RAW=0001, PWR=1, RST=0, ENIN=0, PWRPULS=1]
(15_11:33:10.861) [DBG]: Sent data:
   00 aa 00 00 00 00 00 00 1c 00                      |..........         
(15_11:33:10.863) [DBG]: Received data:
   71 00 00 00 82 5a                                  |q....Z             
(15_11:33:10.865) [DBG]: PINS  [RAW=0005, PWR=1, RST=0, ENIN=1, PWRPULS=1]
(15_11:33:10.881) [DBG]: ADC[0]: 1203
Initialization finished.




Set General Cfg
---------------------------------------------------------------------------------------------------------------------
(15_11:33:10.898) [DBG]: TPX3  [AA|00_00_00_00|30|00_48] (GENCFG SET | 0_72)
(15_11:33:10.901) [DBG]: PINS  [RAW=0001, PWR=1, RST=0, ENIN=0, PWRPULS=1]
(15_11:33:10.903) [DBG]: Sent data:
   00 aa 00 00 00 00 30 00 48 00                      |......0.H.         
(15_11:33:10.905) [DBG]: Received data:
   71 30 00 00 82 5a                                  |q0...Z             
(15_11:33:10.907) [DBG]: PINS  [RAW=0005, PWR=1, RST=0, ENIN=1, PWRPULS=1]

Set General Cfg
---------------------------------------------------------------------------------------------------------------------
(15_11:33:10.919) [DBG]: TPX3  [AA|00_00_00_00|30|00_49] (GENCFG SET | 0_73)
(15_11:33:10.920) [DBG]: PINS  [RAW=0001, PWR=1, RST=0, ENIN=0, PWRPULS=1]
(15_11:33:10.926) [DBG]: Sent data:
   00 aa 00 00 00 00 30 00 49 00                      |......0.I.         
(15_11:33:10.929) [DBG]: Received data:
   71 30 00 00 82 5a                                  |q0...Z             
(15_11:33:10.932) [DBG]: PINS  [RAW=0005, PWR=1, RST=0, ENIN=1, PWRPULS=1]

Set General Cfg
---------------------------------------------------------------------------------------------------------------------
(15_11:33:10.950) [DBG]: TPX3  [AA|00_00_00_00|30|00_49] (GENCFG SET | 0_73)
(15_11:33:10.951) [DBG]: PINS  [RAW=0001, PWR=1, RST=0, ENIN=0, PWRPULS=1]
(15_11:33:10.952) [DBG]: Sent data:
   00 aa 00 00 00 00 30 00 49 00                      |......0.I.         
(15_11:33:10.954) [DBG]: Received data:
   71 30 00 00 82 5a                                  |q0...Z             
(15_11:33:10.956) [DBG]: PINS  [RAW=0005, PWR=1, RST=0, ENIN=1, PWRPULS=1]

Set Bias
---------------------------------------------------------------------------------------------------------------------

Set Bias DAC Voltage 0.080000
---------------------------------------------------------------------------------------------------------------------
(15_11:33:10.962) [DBG]: Sent data:
   2a 64 00 50                                        |*d.P               
(15_11:33:10.965) [DBG]: Received data:
   e0 00 05 d1                                        |....               
(15_11:33:10.967) [DBG]: Bias = -500.000000,  Dac Voltage= 0.080000
(15_11:33:10.968) [MSG]: Debug log enabled: 0

